<?xml version="1.0" encoding="UTF-8"?>
<testsuite xmlns:xsi="http://www.w3.org/2001/XMLSchema-instance" xsi:noNamespaceSchemaLocation="https://maven.apache.org/surefire/maven-surefire-plugin/xsd/surefire-test-report.xsd" name="CreateUserTest" time="2.896" tests="3" errors="0" skipped="0" failures="0">
  <properties>
[...]
</properties>
  <testcase name="errorMissingRequiredFieldOnCreateUserTest" classname="CreateUserTest" time="0.451"/>
  <testcase name="recCreatingUserTest" classname="CreateUserTest" time="1.176"/>
  <testcase name="possibilityCreateNewUser" classname="CreateUserTest" time="1.265"/>
</testsuite>