<?xml version="1.0" encoding="UTF-8"?>
<testsuite xmlns:xsi="http://www.w3.org/2001/XMLSchema-instance" xsi:noNamespaceSchemaLocation="https://maven.apache.org/surefire/maven-surefire-plugin/xsd/surefire-test-report.xsd" name="CreateOrderTest" time="8.733" tests="4" errors="0" skipped="0" failures="1">
  <properties>
[...]
</properties>
  <testcase name="createNoAutorizedUserOrderTest" classname="CreateOrderTest" time="1.74"/>
  <testcase name="createAutorizedUserOrderWhithoutIngridientsTest" classname="CreateOrderTest" time="1.784">
    <failure message="1 expectation failed.&#10;Expected status code &lt;400&gt; but was &lt;500&gt;.&#10;" type="java.lang.AssertionError"><![CDATA[java.lang.AssertionError: 
1 expectation failed.
Expected status code <400> but was <500>.

	at CreateOrderTest.createAutorizedUserOrderWhithoutIngridientsTest(CreateOrderTest.java:91)
]]></failure>
    <system-out><![CDATA[Request method:	POST
Request URI:	https://stellarburgers.nomoreparties.site/api/auth/register
Proxy:			<none>
Request params:	<none>
Query params:	<none>
Form params:	<none>
Path params:	<none>
Headers:		Accept=*/*
				Content-Type=application/json
Cookies:		<none>
Multiparts:		<none>
Body:
{
    "email": "COnlYJlGEv@yandex.ru",
    "password": "nVPClsHtok",
    "name": "qBjhQGAfnn"
}
Request method:	POST
Request URI:	https://stellarburgers.nomoreparties.site/api/auth/register
Proxy:			<none>
Request params:	<none>
Query params:	<none>
Form params:	<none>
Path params:	<none>
Headers:		Accept=*/*
				Content-Type=application/json
Cookies:		<none>
Multiparts:		<none>
Body:
{
    "email": "COnlYJlGEv@yandex.ru",
    "password": "nVPClsHtok",
    "name": "qBjhQGAfnn"
}
Request method:	POST
Request URI:	https://stellarburgers.nomoreparties.site/api/auth/register
Proxy:			<none>
Request params:	<none>
Query params:	<none>
Form params:	<none>
Path params:	<none>
Headers:		Accept=*/*
				Content-Type=application/json
Cookies:		<none>
Multiparts:		<none>
Body:
{
    "email": "COnlYJlGEv@yandex.ru",
    "password": "nVPClsHtok",
    "name": "qBjhQGAfnn"
}
Request method:	POST
Request URI:	https://stellarburgers.nomoreparties.site/api/auth/register
Proxy:			<none>
Request params:	<none>
Query params:	<none>
Form params:	<none>
Path params:	<none>
Headers:		Accept=*/*
				Content-Type=application/json
Cookies:		<none>
Multiparts:		<none>
Body:
{
    "email": "COnlYJlGEv@yandex.ru",
    "password": "nVPClsHtok",
    "name": "qBjhQGAfnn"
}
Request method:	POST
Request URI:	https://stellarburgers.nomoreparties.site/api/auth/register
Proxy:			<none>
Request params:	<none>
Query params:	<none>
Form params:	<none>
Path params:	<none>
Headers:		Accept=*/*
				Content-Type=application/json
Cookies:		<none>
Multiparts:		<none>
Body:
{
    "email": "COnlYJlGEv@yandex.ru",
    "password": "nVPClsHtok",
    "name": "qBjhQGAfnn"
}
Request method:	POST
Request URI:	https://stellarburgers.nomoreparties.site/api/auth/register
Proxy:			<none>
Request params:	<none>
Query params:	<none>
Form params:	<none>
Path params:	<none>
Headers:		Accept=*/*
				Content-Type=application/json
Cookies:		<none>
Multiparts:		<none>
Body:
{
    "email": "COnlYJlGEv@yandex.ru",
    "password": "nVPClsHtok",
    "name": "qBjhQGAfnn"
}
Request method:	POST
Request URI:	https://stellarburgers.nomoreparties.site/api/auth/register
Proxy:			<none>
Request params:	<none>
Query params:	<none>
Form params:	<none>
Path params:	<none>
Headers:		Accept=*/*
				Content-Type=application/json
Cookies:		<none>
Multiparts:		<none>
Body:
{
    "email": "COnlYJlGEv@yandex.ru",
    "password": "nVPClsHtok",
    "name": "qBjhQGAfnn"
}
Request method:	POST
Request URI:	https://stellarburgers.nomoreparties.site/api/auth/register
Proxy:			<none>
Request params:	<none>
Query params:	<none>
Form params:	<none>
Path params:	<none>
Headers:		Accept=*/*
				Content-Type=application/json
Cookies:		<none>
Multiparts:		<none>
Body:
{
    "email": "COnlYJlGEv@yandex.ru",
    "password": "nVPClsHtok",
    "name": "qBjhQGAfnn"
}
Request method:	POST
Request URI:	https://stellarburgers.nomoreparties.site/api/auth/register
Proxy:			<none>
Request params:	<none>
Query params:	<none>
Form params:	<none>
Path params:	<none>
Headers:		Accept=*/*
				Content-Type=application/json
Cookies:		<none>
Multiparts:		<none>
Body:
{
    "email": "COnlYJlGEv@yandex.ru",
    "password": "nVPClsHtok",
    "name": "qBjhQGAfnn"
}
Request method:	POST
Request URI:	https://stellarburgers.nomoreparties.site/api/auth/register
Proxy:			<none>
Request params:	<none>
Query params:	<none>
Form params:	<none>
Path params:	<none>
Headers:		Accept=*/*
				Content-Type=application/json
Cookies:		<none>
Multiparts:		<none>
Body:
{
    "email": "COnlYJlGEv@yandex.ru",
    "password": "nVPClsHtok",
    "name": "qBjhQGAfnn"
}
HTTP/1.1 200 OK
Date: Sun, 07 Jul 2024 14:05:22 GMT
Content-Type: application/json; charset=utf-8
Transfer-Encoding: chunked
Connection: keep-alive
X-Powered-By: Express
Access-Control-Allow-Origin: *
authorization: Bearer eyJhbGciOiJIUzI1NiIsInR5cCI6IkpXVCJ9.eyJpZCI6IjY2OGFhMGEyOWVkMjgwMDAxYjQ2NTAxNSIsImlhdCI6MTcyMDM2MTEyMiwiZXhwIjoxNzIwMzYyMzIyfQ._uPaFPYpKeviIkffHg0y1dvV-NIaRG-esVaEm2pKK-M
ETag: W/"171-50Lqw1beQlGEDZMBIP2uRewOmz0"
CF-Cache-Status: DYNAMIC
Report-To: {"endpoints":[{"url":"https:\/\/a.nel.cloudflare.com\/report\/v4?s=zsYvEEWvh%2FmHMPR0KKMBNbD7ezUr%2FAsulANqNF25G%2F9lJT%2FJltnc8gPZStUFAuyd3dH1mNok6CyEgHe4M5%2Fz4Wva7ki%2FNjspTAQ5Qj89LNNQD7PNCl4AXBX2uGdPK5iQt%2BCIBXdBflB%2BRpipSHcm1AOgdCQ%3D"}],"group":"cf-nel","max_age":604800}
NEL: {"success_fraction":0,"report_to":"cf-nel","max_age":604800}
Server: cloudflare
CF-RAY: 89f86397eb7ba89c-RIX
Content-Encoding: gzip
alt-svc: h3=":443"; ma=86400

{
    "success": true,
    "user": {
        "email": "conlyjlgev@yandex.ru",
        "name": "qBjhQGAfnn"
    },
    "accessToken": "Bearer eyJhbGciOiJIUzI1NiIsInR5cCI6IkpXVCJ9.eyJpZCI6IjY2OGFhMGEyOWVkMjgwMDAxYjQ2NTAxNSIsImlhdCI6MTcyMDM2MTEyMiwiZXhwIjoxNzIwMzYyMzIyfQ._uPaFPYpKeviIkffHg0y1dvV-NIaRG-esVaEm2pKK-M",
    "refreshToken": "002052950b33ead43bdf789f99ce804523ee2d80d772293ae7ec5b88c9f8f8f1fbfe3c92bb8af8f3"
}
HTTP/1.1 200 OK
Date: Sun, 07 Jul 2024 14:05:22 GMT
Content-Type: application/json; charset=utf-8
Transfer-Encoding: chunked
Connection: keep-alive
X-Powered-By: Express
Access-Control-Allow-Origin: *
authorization: Bearer eyJhbGciOiJIUzI1NiIsInR5cCI6IkpXVCJ9.eyJpZCI6IjY2OGFhMGEyOWVkMjgwMDAxYjQ2NTAxNSIsImlhdCI6MTcyMDM2MTEyMiwiZXhwIjoxNzIwMzYyMzIyfQ._uPaFPYpKeviIkffHg0y1dvV-NIaRG-esVaEm2pKK-M
ETag: W/"171-50Lqw1beQlGEDZMBIP2uRewOmz0"
CF-Cache-Status: DYNAMIC
Report-To: {"endpoints":[{"url":"https:\/\/a.nel.cloudflare.com\/report\/v4?s=zsYvEEWvh%2FmHMPR0KKMBNbD7ezUr%2FAsulANqNF25G%2F9lJT%2FJltnc8gPZStUFAuyd3dH1mNok6CyEgHe4M5%2Fz4Wva7ki%2FNjspTAQ5Qj89LNNQD7PNCl4AXBX2uGdPK5iQt%2BCIBXdBflB%2BRpipSHcm1AOgdCQ%3D"}],"group":"cf-nel","max_age":604800}
NEL: {"success_fraction":0,"report_to":"cf-nel","max_age":604800}
Server: cloudflare
CF-RAY: 89f86397eb7ba89c-RIX
Content-Encoding: gzip
alt-svc: h3=":443"; ma=86400

{
    "success": true,
    "user": {
        "email": "conlyjlgev@yandex.ru",
        "name": "qBjhQGAfnn"
    },
    "accessToken": "Bearer eyJhbGciOiJIUzI1NiIsInR5cCI6IkpXVCJ9.eyJpZCI6IjY2OGFhMGEyOWVkMjgwMDAxYjQ2NTAxNSIsImlhdCI6MTcyMDM2MTEyMiwiZXhwIjoxNzIwMzYyMzIyfQ._uPaFPYpKeviIkffHg0y1dvV-NIaRG-esVaEm2pKK-M",
    "refreshToken": "002052950b33ead43bdf789f99ce804523ee2d80d772293ae7ec5b88c9f8f8f1fbfe3c92bb8af8f3"
}
HTTP/1.1 200 OK
Date: Sun, 07 Jul 2024 14:05:22 GMT
Content-Type: application/json; charset=utf-8
Transfer-Encoding: chunked
Connection: keep-alive
X-Powered-By: Express
Access-Control-Allow-Origin: *
authorization: Bearer eyJhbGciOiJIUzI1NiIsInR5cCI6IkpXVCJ9.eyJpZCI6IjY2OGFhMGEyOWVkMjgwMDAxYjQ2NTAxNSIsImlhdCI6MTcyMDM2MTEyMiwiZXhwIjoxNzIwMzYyMzIyfQ._uPaFPYpKeviIkffHg0y1dvV-NIaRG-esVaEm2pKK-M
ETag: W/"171-50Lqw1beQlGEDZMBIP2uRewOmz0"
CF-Cache-Status: DYNAMIC
Report-To: {"endpoints":[{"url":"https:\/\/a.nel.cloudflare.com\/report\/v4?s=zsYvEEWvh%2FmHMPR0KKMBNbD7ezUr%2FAsulANqNF25G%2F9lJT%2FJltnc8gPZStUFAuyd3dH1mNok6CyEgHe4M5%2Fz4Wva7ki%2FNjspTAQ5Qj89LNNQD7PNCl4AXBX2uGdPK5iQt%2BCIBXdBflB%2BRpipSHcm1AOgdCQ%3D"}],"group":"cf-nel","max_age":604800}
NEL: {"success_fraction":0,"report_to":"cf-nel","max_age":604800}
Server: cloudflare
CF-RAY: 89f86397eb7ba89c-RIX
Content-Encoding: gzip
alt-svc: h3=":443"; ma=86400

{
    "success": true,
    "user": {
        "email": "conlyjlgev@yandex.ru",
        "name": "qBjhQGAfnn"
    },
    "accessToken": "Bearer eyJhbGciOiJIUzI1NiIsInR5cCI6IkpXVCJ9.eyJpZCI6IjY2OGFhMGEyOWVkMjgwMDAxYjQ2NTAxNSIsImlhdCI6MTcyMDM2MTEyMiwiZXhwIjoxNzIwMzYyMzIyfQ._uPaFPYpKeviIkffHg0y1dvV-NIaRG-esVaEm2pKK-M",
    "refreshToken": "002052950b33ead43bdf789f99ce804523ee2d80d772293ae7ec5b88c9f8f8f1fbfe3c92bb8af8f3"
}
HTTP/1.1 200 OK
Date: Sun, 07 Jul 2024 14:05:22 GMT
Content-Type: application/json; charset=utf-8
Transfer-Encoding: chunked
Connection: keep-alive
X-Powered-By: Express
Access-Control-Allow-Origin: *
authorization: Bearer eyJhbGciOiJIUzI1NiIsInR5cCI6IkpXVCJ9.eyJpZCI6IjY2OGFhMGEyOWVkMjgwMDAxYjQ2NTAxNSIsImlhdCI6MTcyMDM2MTEyMiwiZXhwIjoxNzIwMzYyMzIyfQ._uPaFPYpKeviIkffHg0y1dvV-NIaRG-esVaEm2pKK-M
ETag: W/"171-50Lqw1beQlGEDZMBIP2uRewOmz0"
CF-Cache-Status: DYNAMIC
Report-To: {"endpoints":[{"url":"https:\/\/a.nel.cloudflare.com\/report\/v4?s=zsYvEEWvh%2FmHMPR0KKMBNbD7ezUr%2FAsulANqNF25G%2F9lJT%2FJltnc8gPZStUFAuyd3dH1mNok6CyEgHe4M5%2Fz4Wva7ki%2FNjspTAQ5Qj89LNNQD7PNCl4AXBX2uGdPK5iQt%2BCIBXdBflB%2BRpipSHcm1AOgdCQ%3D"}],"group":"cf-nel","max_age":604800}
NEL: {"success_fraction":0,"report_to":"cf-nel","max_age":604800}
Server: cloudflare
CF-RAY: 89f86397eb7ba89c-RIX
Content-Encoding: gzip
alt-svc: h3=":443"; ma=86400

{
    "success": true,
    "user": {
        "email": "conlyjlgev@yandex.ru",
        "name": "qBjhQGAfnn"
    },
    "accessToken": "Bearer eyJhbGciOiJIUzI1NiIsInR5cCI6IkpXVCJ9.eyJpZCI6IjY2OGFhMGEyOWVkMjgwMDAxYjQ2NTAxNSIsImlhdCI6MTcyMDM2MTEyMiwiZXhwIjoxNzIwMzYyMzIyfQ._uPaFPYpKeviIkffHg0y1dvV-NIaRG-esVaEm2pKK-M",
    "refreshToken": "002052950b33ead43bdf789f99ce804523ee2d80d772293ae7ec5b88c9f8f8f1fbfe3c92bb8af8f3"
}
HTTP/1.1 200 OK
Date: Sun, 07 Jul 2024 14:05:22 GMT
Content-Type: application/json; charset=utf-8
Transfer-Encoding: chunked
Connection: keep-alive
X-Powered-By: Express
Access-Control-Allow-Origin: *
authorization: Bearer eyJhbGciOiJIUzI1NiIsInR5cCI6IkpXVCJ9.eyJpZCI6IjY2OGFhMGEyOWVkMjgwMDAxYjQ2NTAxNSIsImlhdCI6MTcyMDM2MTEyMiwiZXhwIjoxNzIwMzYyMzIyfQ._uPaFPYpKeviIkffHg0y1dvV-NIaRG-esVaEm2pKK-M
ETag: W/"171-50Lqw1beQlGEDZMBIP2uRewOmz0"
CF-Cache-Status: DYNAMIC
Report-To: {"endpoints":[{"url":"https:\/\/a.nel.cloudflare.com\/report\/v4?s=zsYvEEWvh%2FmHMPR0KKMBNbD7ezUr%2FAsulANqNF25G%2F9lJT%2FJltnc8gPZStUFAuyd3dH1mNok6CyEgHe4M5%2Fz4Wva7ki%2FNjspTAQ5Qj89LNNQD7PNCl4AXBX2uGdPK5iQt%2BCIBXdBflB%2BRpipSHcm1AOgdCQ%3D"}],"group":"cf-nel","max_age":604800}
NEL: {"success_fraction":0,"report_to":"cf-nel","max_age":604800}
Server: cloudflare
CF-RAY: 89f86397eb7ba89c-RIX
Content-Encoding: gzip
alt-svc: h3=":443"; ma=86400

{
    "success": true,
    "user": {
        "email": "conlyjlgev@yandex.ru",
        "name": "qBjhQGAfnn"
    },
    "accessToken": "Bearer eyJhbGciOiJIUzI1NiIsInR5cCI6IkpXVCJ9.eyJpZCI6IjY2OGFhMGEyOWVkMjgwMDAxYjQ2NTAxNSIsImlhdCI6MTcyMDM2MTEyMiwiZXhwIjoxNzIwMzYyMzIyfQ._uPaFPYpKeviIkffHg0y1dvV-NIaRG-esVaEm2pKK-M",
    "refreshToken": "002052950b33ead43bdf789f99ce804523ee2d80d772293ae7ec5b88c9f8f8f1fbfe3c92bb8af8f3"
}
HTTP/1.1 200 OK
Date: Sun, 07 Jul 2024 14:05:22 GMT
Content-Type: application/json; charset=utf-8
Transfer-Encoding: chunked
Connection: keep-alive
X-Powered-By: Express
Access-Control-Allow-Origin: *
authorization: Bearer eyJhbGciOiJIUzI1NiIsInR5cCI6IkpXVCJ9.eyJpZCI6IjY2OGFhMGEyOWVkMjgwMDAxYjQ2NTAxNSIsImlhdCI6MTcyMDM2MTEyMiwiZXhwIjoxNzIwMzYyMzIyfQ._uPaFPYpKeviIkffHg0y1dvV-NIaRG-esVaEm2pKK-M
ETag: W/"171-50Lqw1beQlGEDZMBIP2uRewOmz0"
CF-Cache-Status: DYNAMIC
Report-To: {"endpoints":[{"url":"https:\/\/a.nel.cloudflare.com\/report\/v4?s=zsYvEEWvh%2FmHMPR0KKMBNbD7ezUr%2FAsulANqNF25G%2F9lJT%2FJltnc8gPZStUFAuyd3dH1mNok6CyEgHe4M5%2Fz4Wva7ki%2FNjspTAQ5Qj89LNNQD7PNCl4AXBX2uGdPK5iQt%2BCIBXdBflB%2BRpipSHcm1AOgdCQ%3D"}],"group":"cf-nel","max_age":604800}
NEL: {"success_fraction":0,"report_to":"cf-nel","max_age":604800}
Server: cloudflare
CF-RAY: 89f86397eb7ba89c-RIX
Content-Encoding: gzip
alt-svc: h3=":443"; ma=86400

{
    "success": true,
    "user": {
        "email": "conlyjlgev@yandex.ru",
        "name": "qBjhQGAfnn"
    },
    "accessToken": "Bearer eyJhbGciOiJIUzI1NiIsInR5cCI6IkpXVCJ9.eyJpZCI6IjY2OGFhMGEyOWVkMjgwMDAxYjQ2NTAxNSIsImlhdCI6MTcyMDM2MTEyMiwiZXhwIjoxNzIwMzYyMzIyfQ._uPaFPYpKeviIkffHg0y1dvV-NIaRG-esVaEm2pKK-M",
    "refreshToken": "002052950b33ead43bdf789f99ce804523ee2d80d772293ae7ec5b88c9f8f8f1fbfe3c92bb8af8f3"
}
HTTP/1.1 200 OK
Date: Sun, 07 Jul 2024 14:05:22 GMT
Content-Type: application/json; charset=utf-8
Transfer-Encoding: chunked
Connection: keep-alive
X-Powered-By: Express
Access-Control-Allow-Origin: *
authorization: Bearer eyJhbGciOiJIUzI1NiIsInR5cCI6IkpXVCJ9.eyJpZCI6IjY2OGFhMGEyOWVkMjgwMDAxYjQ2NTAxNSIsImlhdCI6MTcyMDM2MTEyMiwiZXhwIjoxNzIwMzYyMzIyfQ._uPaFPYpKeviIkffHg0y1dvV-NIaRG-esVaEm2pKK-M
ETag: W/"171-50Lqw1beQlGEDZMBIP2uRewOmz0"
CF-Cache-Status: DYNAMIC
Report-To: {"endpoints":[{"url":"https:\/\/a.nel.cloudflare.com\/report\/v4?s=zsYvEEWvh%2FmHMPR0KKMBNbD7ezUr%2FAsulANqNF25G%2F9lJT%2FJltnc8gPZStUFAuyd3dH1mNok6CyEgHe4M5%2Fz4Wva7ki%2FNjspTAQ5Qj89LNNQD7PNCl4AXBX2uGdPK5iQt%2BCIBXdBflB%2BRpipSHcm1AOgdCQ%3D"}],"group":"cf-nel","max_age":604800}
NEL: {"success_fraction":0,"report_to":"cf-nel","max_age":604800}
Server: cloudflare
CF-RAY: 89f86397eb7ba89c-RIX
Content-Encoding: gzip
alt-svc: h3=":443"; ma=86400

{
    "success": true,
    "user": {
        "email": "conlyjlgev@yandex.ru",
        "name": "qBjhQGAfnn"
    },
    "accessToken": "Bearer eyJhbGciOiJIUzI1NiIsInR5cCI6IkpXVCJ9.eyJpZCI6IjY2OGFhMGEyOWVkMjgwMDAxYjQ2NTAxNSIsImlhdCI6MTcyMDM2MTEyMiwiZXhwIjoxNzIwMzYyMzIyfQ._uPaFPYpKeviIkffHg0y1dvV-NIaRG-esVaEm2pKK-M",
    "refreshToken": "002052950b33ead43bdf789f99ce804523ee2d80d772293ae7ec5b88c9f8f8f1fbfe3c92bb8af8f3"
}
HTTP/1.1 200 OK
Date: Sun, 07 Jul 2024 14:05:22 GMT
Content-Type: application/json; charset=utf-8
Transfer-Encoding: chunked
Connection: keep-alive
X-Powered-By: Express
Access-Control-Allow-Origin: *
authorization: Bearer eyJhbGciOiJIUzI1NiIsInR5cCI6IkpXVCJ9.eyJpZCI6IjY2OGFhMGEyOWVkMjgwMDAxYjQ2NTAxNSIsImlhdCI6MTcyMDM2MTEyMiwiZXhwIjoxNzIwMzYyMzIyfQ._uPaFPYpKeviIkffHg0y1dvV-NIaRG-esVaEm2pKK-M
ETag: W/"171-50Lqw1beQlGEDZMBIP2uRewOmz0"
CF-Cache-Status: DYNAMIC
Report-To: {"endpoints":[{"url":"https:\/\/a.nel.cloudflare.com\/report\/v4?s=zsYvEEWvh%2FmHMPR0KKMBNbD7ezUr%2FAsulANqNF25G%2F9lJT%2FJltnc8gPZStUFAuyd3dH1mNok6CyEgHe4M5%2Fz4Wva7ki%2FNjspTAQ5Qj89LNNQD7PNCl4AXBX2uGdPK5iQt%2BCIBXdBflB%2BRpipSHcm1AOgdCQ%3D"}],"group":"cf-nel","max_age":604800}
NEL: {"success_fraction":0,"report_to":"cf-nel","max_age":604800}
Server: cloudflare
CF-RAY: 89f86397eb7ba89c-RIX
Content-Encoding: gzip
alt-svc: h3=":443"; ma=86400

{
    "success": true,
    "user": {
        "email": "conlyjlgev@yandex.ru",
        "name": "qBjhQGAfnn"
    },
    "accessToken": "Bearer eyJhbGciOiJIUzI1NiIsInR5cCI6IkpXVCJ9.eyJpZCI6IjY2OGFhMGEyOWVkMjgwMDAxYjQ2NTAxNSIsImlhdCI6MTcyMDM2MTEyMiwiZXhwIjoxNzIwMzYyMzIyfQ._uPaFPYpKeviIkffHg0y1dvV-NIaRG-esVaEm2pKK-M",
    "refreshToken": "002052950b33ead43bdf789f99ce804523ee2d80d772293ae7ec5b88c9f8f8f1fbfe3c92bb8af8f3"
}
HTTP/1.1 200 OK
Date: Sun, 07 Jul 2024 14:05:22 GMT
Content-Type: application/json; charset=utf-8
Transfer-Encoding: chunked
Connection: keep-alive
X-Powered-By: Express
Access-Control-Allow-Origin: *
authorization: Bearer eyJhbGciOiJIUzI1NiIsInR5cCI6IkpXVCJ9.eyJpZCI6IjY2OGFhMGEyOWVkMjgwMDAxYjQ2NTAxNSIsImlhdCI6MTcyMDM2MTEyMiwiZXhwIjoxNzIwMzYyMzIyfQ._uPaFPYpKeviIkffHg0y1dvV-NIaRG-esVaEm2pKK-M
ETag: W/"171-50Lqw1beQlGEDZMBIP2uRewOmz0"
CF-Cache-Status: DYNAMIC
Report-To: {"endpoints":[{"url":"https:\/\/a.nel.cloudflare.com\/report\/v4?s=zsYvEEWvh%2FmHMPR0KKMBNbD7ezUr%2FAsulANqNF25G%2F9lJT%2FJltnc8gPZStUFAuyd3dH1mNok6CyEgHe4M5%2Fz4Wva7ki%2FNjspTAQ5Qj89LNNQD7PNCl4AXBX2uGdPK5iQt%2BCIBXdBflB%2BRpipSHcm1AOgdCQ%3D"}],"group":"cf-nel","max_age":604800}
NEL: {"success_fraction":0,"report_to":"cf-nel","max_age":604800}
Server: cloudflare
CF-RAY: 89f86397eb7ba89c-RIX
Content-Encoding: gzip
alt-svc: h3=":443"; ma=86400

{
    "success": true,
    "user": {
        "email": "conlyjlgev@yandex.ru",
        "name": "qBjhQGAfnn"
    },
    "accessToken": "Bearer eyJhbGciOiJIUzI1NiIsInR5cCI6IkpXVCJ9.eyJpZCI6IjY2OGFhMGEyOWVkMjgwMDAxYjQ2NTAxNSIsImlhdCI6MTcyMDM2MTEyMiwiZXhwIjoxNzIwMzYyMzIyfQ._uPaFPYpKeviIkffHg0y1dvV-NIaRG-esVaEm2pKK-M",
    "refreshToken": "002052950b33ead43bdf789f99ce804523ee2d80d772293ae7ec5b88c9f8f8f1fbfe3c92bb8af8f3"
}
HTTP/1.1 200 OK
Date: Sun, 07 Jul 2024 14:05:22 GMT
Content-Type: application/json; charset=utf-8
Transfer-Encoding: chunked
Connection: keep-alive
X-Powered-By: Express
Access-Control-Allow-Origin: *
authorization: Bearer eyJhbGciOiJIUzI1NiIsInR5cCI6IkpXVCJ9.eyJpZCI6IjY2OGFhMGEyOWVkMjgwMDAxYjQ2NTAxNSIsImlhdCI6MTcyMDM2MTEyMiwiZXhwIjoxNzIwMzYyMzIyfQ._uPaFPYpKeviIkffHg0y1dvV-NIaRG-esVaEm2pKK-M
ETag: W/"171-50Lqw1beQlGEDZMBIP2uRewOmz0"
CF-Cache-Status: DYNAMIC
Report-To: {"endpoints":[{"url":"https:\/\/a.nel.cloudflare.com\/report\/v4?s=zsYvEEWvh%2FmHMPR0KKMBNbD7ezUr%2FAsulANqNF25G%2F9lJT%2FJltnc8gPZStUFAuyd3dH1mNok6CyEgHe4M5%2Fz4Wva7ki%2FNjspTAQ5Qj89LNNQD7PNCl4AXBX2uGdPK5iQt%2BCIBXdBflB%2BRpipSHcm1AOgdCQ%3D"}],"group":"cf-nel","max_age":604800}
NEL: {"success_fraction":0,"report_to":"cf-nel","max_age":604800}
Server: cloudflare
CF-RAY: 89f86397eb7ba89c-RIX
Content-Encoding: gzip
alt-svc: h3=":443"; ma=86400

{
    "success": true,
    "user": {
        "email": "conlyjlgev@yandex.ru",
        "name": "qBjhQGAfnn"
    },
    "accessToken": "Bearer eyJhbGciOiJIUzI1NiIsInR5cCI6IkpXVCJ9.eyJpZCI6IjY2OGFhMGEyOWVkMjgwMDAxYjQ2NTAxNSIsImlhdCI6MTcyMDM2MTEyMiwiZXhwIjoxNzIwMzYyMzIyfQ._uPaFPYpKeviIkffHg0y1dvV-NIaRG-esVaEm2pKK-M",
    "refreshToken": "002052950b33ead43bdf789f99ce804523ee2d80d772293ae7ec5b88c9f8f8f1fbfe3c92bb8af8f3"
}
Request method:	POST
Request URI:	https://stellarburgers.nomoreparties.site/api/auth/login
Proxy:			<none>
Request params:	<none>
Query params:	<none>
Form params:	<none>
Path params:	<none>
Headers:		Accept=*/*
				Content-Type=application/json
Cookies:		<none>
Multiparts:		<none>
Body:
{
    "email": "COnlYJlGEv@yandex.ru",
    "password": "nVPClsHtok"
}
Request method:	POST
Request URI:	https://stellarburgers.nomoreparties.site/api/auth/login
Proxy:			<none>
Request params:	<none>
Query params:	<none>
Form params:	<none>
Path params:	<none>
Headers:		Accept=*/*
				Content-Type=application/json
Cookies:		<none>
Multiparts:		<none>
Body:
{
    "email": "COnlYJlGEv@yandex.ru",
    "password": "nVPClsHtok"
}
Request method:	POST
Request URI:	https://stellarburgers.nomoreparties.site/api/auth/login
Proxy:			<none>
Request params:	<none>
Query params:	<none>
Form params:	<none>
Path params:	<none>
Headers:		Accept=*/*
				Content-Type=application/json
Cookies:		<none>
Multiparts:		<none>
Body:
{
    "email": "COnlYJlGEv@yandex.ru",
    "password": "nVPClsHtok"
}
Request method:	POST
Request URI:	https://stellarburgers.nomoreparties.site/api/auth/login
Proxy:			<none>
Request params:	<none>
Query params:	<none>
Form params:	<none>
Path params:	<none>
Headers:		Accept=*/*
				Content-Type=application/json
Cookies:		<none>
Multiparts:		<none>
Body:
{
    "email": "COnlYJlGEv@yandex.ru",
    "password": "nVPClsHtok"
}
Request method:	POST
Request URI:	https://stellarburgers.nomoreparties.site/api/auth/login
Proxy:			<none>
Request params:	<none>
Query params:	<none>
Form params:	<none>
Path params:	<none>
Headers:		Accept=*/*
				Content-Type=application/json
Cookies:		<none>
Multiparts:		<none>
Body:
{
    "email": "COnlYJlGEv@yandex.ru",
    "password": "nVPClsHtok"
}
Request method:	POST
Request URI:	https://stellarburgers.nomoreparties.site/api/auth/login
Proxy:			<none>
Request params:	<none>
Query params:	<none>
Form params:	<none>
Path params:	<none>
Headers:		Accept=*/*
				Content-Type=application/json
Cookies:		<none>
Multiparts:		<none>
Body:
{
    "email": "COnlYJlGEv@yandex.ru",
    "password": "nVPClsHtok"
}
Request method:	POST
Request URI:	https://stellarburgers.nomoreparties.site/api/auth/login
Proxy:			<none>
Request params:	<none>
Query params:	<none>
Form params:	<none>
Path params:	<none>
Headers:		Accept=*/*
				Content-Type=application/json
Cookies:		<none>
Multiparts:		<none>
Body:
{
    "email": "COnlYJlGEv@yandex.ru",
    "password": "nVPClsHtok"
}
Request method:	POST
Request URI:	https://stellarburgers.nomoreparties.site/api/auth/login
Proxy:			<none>
Request params:	<none>
Query params:	<none>
Form params:	<none>
Path params:	<none>
Headers:		Accept=*/*
				Content-Type=application/json
Cookies:		<none>
Multiparts:		<none>
Body:
{
    "email": "COnlYJlGEv@yandex.ru",
    "password": "nVPClsHtok"
}
Request method:	POST
Request URI:	https://stellarburgers.nomoreparties.site/api/auth/login
Proxy:			<none>
Request params:	<none>
Query params:	<none>
Form params:	<none>
Path params:	<none>
Headers:		Accept=*/*
				Content-Type=application/json
Cookies:		<none>
Multiparts:		<none>
Body:
{
    "email": "COnlYJlGEv@yandex.ru",
    "password": "nVPClsHtok"
}
Request method:	POST
Request URI:	https://stellarburgers.nomoreparties.site/api/auth/login
Proxy:			<none>
Request params:	<none>
Query params:	<none>
Form params:	<none>
Path params:	<none>
Headers:		Accept=*/*
				Content-Type=application/json
Cookies:		<none>
Multiparts:		<none>
Body:
{
    "email": "COnlYJlGEv@yandex.ru",
    "password": "nVPClsHtok"
}
HTTP/1.1 200 OK
Date: Sun, 07 Jul 2024 14:05:22 GMT
Content-Type: application/json; charset=utf-8
Transfer-Encoding: chunked
Connection: keep-alive
X-Powered-By: Express
Access-Control-Allow-Origin: *
ETag: W/"171-Dwq/OMJMvcEay9BOeQuZqbZYqw0"
CF-Cache-Status: DYNAMIC
Report-To: {"endpoints":[{"url":"https:\/\/a.nel.cloudflare.com\/report\/v4?s=FBgXf297sKH0Q0dp16IcGTxHMl48%2BnQ2LEv7d%2BgfXLsk0RTdKfvSmW9WIHRqcrrB7C6vyzbAdk8ytWAwx1Njc5HLRFole4%2F7D0TcJf66Mhmw10FpoqInnd30%2BPCZ3aiU6RC42gTm4gITR28f1LRtO%2FR9NjY%3D"}],"group":"cf-nel","max_age":604800}
NEL: {"success_fraction":0,"report_to":"cf-nel","max_age":604800}
Server: cloudflare
CF-RAY: 89f863998983930f-CPH
Content-Encoding: gzip
alt-svc: h3=":443"; ma=86400

{
    "success": true,
    "accessToken": "Bearer eyJhbGciOiJIUzI1NiIsInR5cCI6IkpXVCJ9.eyJpZCI6IjY2OGFhMGEyOWVkMjgwMDAxYjQ2NTAxNSIsImlhdCI6MTcyMDM2MTEyMiwiZXhwIjoxNzIwMzYyMzIyfQ._uPaFPYpKeviIkffHg0y1dvV-NIaRG-esVaEm2pKK-M",
    "refreshToken": "598007b1987561070ddacc88f84f447848494d394063fd441fd15dd818aa4a521fbb3bf4cf4e7620",
    "user": {
        "email": "conlyjlgev@yandex.ru",
        "name": "qBjhQGAfnn"
    }
}
HTTP/1.1 200 OK
Date: Sun, 07 Jul 2024 14:05:22 GMT
Content-Type: application/json; charset=utf-8
Transfer-Encoding: chunked
Connection: keep-alive
X-Powered-By: Express
Access-Control-Allow-Origin: *
ETag: W/"171-Dwq/OMJMvcEay9BOeQuZqbZYqw0"
CF-Cache-Status: DYNAMIC
Report-To: {"endpoints":[{"url":"https:\/\/a.nel.cloudflare.com\/report\/v4?s=FBgXf297sKH0Q0dp16IcGTxHMl48%2BnQ2LEv7d%2BgfXLsk0RTdKfvSmW9WIHRqcrrB7C6vyzbAdk8ytWAwx1Njc5HLRFole4%2F7D0TcJf66Mhmw10FpoqInnd30%2BPCZ3aiU6RC42gTm4gITR28f1LRtO%2FR9NjY%3D"}],"group":"cf-nel","max_age":604800}
NEL: {"success_fraction":0,"report_to":"cf-nel","max_age":604800}
Server: cloudflare
CF-RAY: 89f863998983930f-CPH
Content-Encoding: gzip
alt-svc: h3=":443"; ma=86400

{
    "success": true,
    "accessToken": "Bearer eyJhbGciOiJIUzI1NiIsInR5cCI6IkpXVCJ9.eyJpZCI6IjY2OGFhMGEyOWVkMjgwMDAxYjQ2NTAxNSIsImlhdCI6MTcyMDM2MTEyMiwiZXhwIjoxNzIwMzYyMzIyfQ._uPaFPYpKeviIkffHg0y1dvV-NIaRG-esVaEm2pKK-M",
    "refreshToken": "598007b1987561070ddacc88f84f447848494d394063fd441fd15dd818aa4a521fbb3bf4cf4e7620",
    "user": {
        "email": "conlyjlgev@yandex.ru",
        "name": "qBjhQGAfnn"
    }
}
HTTP/1.1 200 OK
Date: Sun, 07 Jul 2024 14:05:22 GMT
Content-Type: application/json; charset=utf-8
Transfer-Encoding: chunked
Connection: keep-alive
X-Powered-By: Express
Access-Control-Allow-Origin: *
ETag: W/"171-Dwq/OMJMvcEay9BOeQuZqbZYqw0"
CF-Cache-Status: DYNAMIC
Report-To: {"endpoints":[{"url":"https:\/\/a.nel.cloudflare.com\/report\/v4?s=FBgXf297sKH0Q0dp16IcGTxHMl48%2BnQ2LEv7d%2BgfXLsk0RTdKfvSmW9WIHRqcrrB7C6vyzbAdk8ytWAwx1Njc5HLRFole4%2F7D0TcJf66Mhmw10FpoqInnd30%2BPCZ3aiU6RC42gTm4gITR28f1LRtO%2FR9NjY%3D"}],"group":"cf-nel","max_age":604800}
NEL: {"success_fraction":0,"report_to":"cf-nel","max_age":604800}
Server: cloudflare
CF-RAY: 89f863998983930f-CPH
Content-Encoding: gzip
alt-svc: h3=":443"; ma=86400

{
    "success": true,
    "accessToken": "Bearer eyJhbGciOiJIUzI1NiIsInR5cCI6IkpXVCJ9.eyJpZCI6IjY2OGFhMGEyOWVkMjgwMDAxYjQ2NTAxNSIsImlhdCI6MTcyMDM2MTEyMiwiZXhwIjoxNzIwMzYyMzIyfQ._uPaFPYpKeviIkffHg0y1dvV-NIaRG-esVaEm2pKK-M",
    "refreshToken": "598007b1987561070ddacc88f84f447848494d394063fd441fd15dd818aa4a521fbb3bf4cf4e7620",
    "user": {
        "email": "conlyjlgev@yandex.ru",
        "name": "qBjhQGAfnn"
    }
}
HTTP/1.1 200 OK
Date: Sun, 07 Jul 2024 14:05:22 GMT
Content-Type: application/json; charset=utf-8
Transfer-Encoding: chunked
Connection: keep-alive
X-Powered-By: Express
Access-Control-Allow-Origin: *
ETag: W/"171-Dwq/OMJMvcEay9BOeQuZqbZYqw0"
CF-Cache-Status: DYNAMIC
Report-To: {"endpoints":[{"url":"https:\/\/a.nel.cloudflare.com\/report\/v4?s=FBgXf297sKH0Q0dp16IcGTxHMl48%2BnQ2LEv7d%2BgfXLsk0RTdKfvSmW9WIHRqcrrB7C6vyzbAdk8ytWAwx1Njc5HLRFole4%2F7D0TcJf66Mhmw10FpoqInnd30%2BPCZ3aiU6RC42gTm4gITR28f1LRtO%2FR9NjY%3D"}],"group":"cf-nel","max_age":604800}
NEL: {"success_fraction":0,"report_to":"cf-nel","max_age":604800}
Server: cloudflare
CF-RAY: 89f863998983930f-CPH
Content-Encoding: gzip
alt-svc: h3=":443"; ma=86400

{
    "success": true,
    "accessToken": "Bearer eyJhbGciOiJIUzI1NiIsInR5cCI6IkpXVCJ9.eyJpZCI6IjY2OGFhMGEyOWVkMjgwMDAxYjQ2NTAxNSIsImlhdCI6MTcyMDM2MTEyMiwiZXhwIjoxNzIwMzYyMzIyfQ._uPaFPYpKeviIkffHg0y1dvV-NIaRG-esVaEm2pKK-M",
    "refreshToken": "598007b1987561070ddacc88f84f447848494d394063fd441fd15dd818aa4a521fbb3bf4cf4e7620",
    "user": {
        "email": "conlyjlgev@yandex.ru",
        "name": "qBjhQGAfnn"
    }
}
HTTP/1.1 200 OK
Date: Sun, 07 Jul 2024 14:05:22 GMT
Content-Type: application/json; charset=utf-8
Transfer-Encoding: chunked
Connection: keep-alive
X-Powered-By: Express
Access-Control-Allow-Origin: *
ETag: W/"171-Dwq/OMJMvcEay9BOeQuZqbZYqw0"
CF-Cache-Status: DYNAMIC
Report-To: {"endpoints":[{"url":"https:\/\/a.nel.cloudflare.com\/report\/v4?s=FBgXf297sKH0Q0dp16IcGTxHMl48%2BnQ2LEv7d%2BgfXLsk0RTdKfvSmW9WIHRqcrrB7C6vyzbAdk8ytWAwx1Njc5HLRFole4%2F7D0TcJf66Mhmw10FpoqInnd30%2BPCZ3aiU6RC42gTm4gITR28f1LRtO%2FR9NjY%3D"}],"group":"cf-nel","max_age":604800}
NEL: {"success_fraction":0,"report_to":"cf-nel","max_age":604800}
Server: cloudflare
CF-RAY: 89f863998983930f-CPH
Content-Encoding: gzip
alt-svc: h3=":443"; ma=86400

{
    "success": true,
    "accessToken": "Bearer eyJhbGciOiJIUzI1NiIsInR5cCI6IkpXVCJ9.eyJpZCI6IjY2OGFhMGEyOWVkMjgwMDAxYjQ2NTAxNSIsImlhdCI6MTcyMDM2MTEyMiwiZXhwIjoxNzIwMzYyMzIyfQ._uPaFPYpKeviIkffHg0y1dvV-NIaRG-esVaEm2pKK-M",
    "refreshToken": "598007b1987561070ddacc88f84f447848494d394063fd441fd15dd818aa4a521fbb3bf4cf4e7620",
    "user": {
        "email": "conlyjlgev@yandex.ru",
        "name": "qBjhQGAfnn"
    }
}
HTTP/1.1 200 OK
Date: Sun, 07 Jul 2024 14:05:22 GMT
Content-Type: application/json; charset=utf-8
Transfer-Encoding: chunked
Connection: keep-alive
X-Powered-By: Express
Access-Control-Allow-Origin: *
ETag: W/"171-Dwq/OMJMvcEay9BOeQuZqbZYqw0"
CF-Cache-Status: DYNAMIC
Report-To: {"endpoints":[{"url":"https:\/\/a.nel.cloudflare.com\/report\/v4?s=FBgXf297sKH0Q0dp16IcGTxHMl48%2BnQ2LEv7d%2BgfXLsk0RTdKfvSmW9WIHRqcrrB7C6vyzbAdk8ytWAwx1Njc5HLRFole4%2F7D0TcJf66Mhmw10FpoqInnd30%2BPCZ3aiU6RC42gTm4gITR28f1LRtO%2FR9NjY%3D"}],"group":"cf-nel","max_age":604800}
NEL: {"success_fraction":0,"report_to":"cf-nel","max_age":604800}
Server: cloudflare
CF-RAY: 89f863998983930f-CPH
Content-Encoding: gzip
alt-svc: h3=":443"; ma=86400

{
    "success": true,
    "accessToken": "Bearer eyJhbGciOiJIUzI1NiIsInR5cCI6IkpXVCJ9.eyJpZCI6IjY2OGFhMGEyOWVkMjgwMDAxYjQ2NTAxNSIsImlhdCI6MTcyMDM2MTEyMiwiZXhwIjoxNzIwMzYyMzIyfQ._uPaFPYpKeviIkffHg0y1dvV-NIaRG-esVaEm2pKK-M",
    "refreshToken": "598007b1987561070ddacc88f84f447848494d394063fd441fd15dd818aa4a521fbb3bf4cf4e7620",
    "user": {
        "email": "conlyjlgev@yandex.ru",
        "name": "qBjhQGAfnn"
    }
}
HTTP/1.1 200 OK
Date: Sun, 07 Jul 2024 14:05:22 GMT
Content-Type: application/json; charset=utf-8
Transfer-Encoding: chunked
Connection: keep-alive
X-Powered-By: Express
Access-Control-Allow-Origin: *
ETag: W/"171-Dwq/OMJMvcEay9BOeQuZqbZYqw0"
CF-Cache-Status: DYNAMIC
Report-To: {"endpoints":[{"url":"https:\/\/a.nel.cloudflare.com\/report\/v4?s=FBgXf297sKH0Q0dp16IcGTxHMl48%2BnQ2LEv7d%2BgfXLsk0RTdKfvSmW9WIHRqcrrB7C6vyzbAdk8ytWAwx1Njc5HLRFole4%2F7D0TcJf66Mhmw10FpoqInnd30%2BPCZ3aiU6RC42gTm4gITR28f1LRtO%2FR9NjY%3D"}],"group":"cf-nel","max_age":604800}
NEL: {"success_fraction":0,"report_to":"cf-nel","max_age":604800}
Server: cloudflare
CF-RAY: 89f863998983930f-CPH
Content-Encoding: gzip
alt-svc: h3=":443"; ma=86400

{
    "success": true,
    "accessToken": "Bearer eyJhbGciOiJIUzI1NiIsInR5cCI6IkpXVCJ9.eyJpZCI6IjY2OGFhMGEyOWVkMjgwMDAxYjQ2NTAxNSIsImlhdCI6MTcyMDM2MTEyMiwiZXhwIjoxNzIwMzYyMzIyfQ._uPaFPYpKeviIkffHg0y1dvV-NIaRG-esVaEm2pKK-M",
    "refreshToken": "598007b1987561070ddacc88f84f447848494d394063fd441fd15dd818aa4a521fbb3bf4cf4e7620",
    "user": {
        "email": "conlyjlgev@yandex.ru",
        "name": "qBjhQGAfnn"
    }
}
HTTP/1.1 200 OK
Date: Sun, 07 Jul 2024 14:05:22 GMT
Content-Type: application/json; charset=utf-8
Transfer-Encoding: chunked
Connection: keep-alive
X-Powered-By: Express
Access-Control-Allow-Origin: *
ETag: W/"171-Dwq/OMJMvcEay9BOeQuZqbZYqw0"
CF-Cache-Status: DYNAMIC
Report-To: {"endpoints":[{"url":"https:\/\/a.nel.cloudflare.com\/report\/v4?s=FBgXf297sKH0Q0dp16IcGTxHMl48%2BnQ2LEv7d%2BgfXLsk0RTdKfvSmW9WIHRqcrrB7C6vyzbAdk8ytWAwx1Njc5HLRFole4%2F7D0TcJf66Mhmw10FpoqInnd30%2BPCZ3aiU6RC42gTm4gITR28f1LRtO%2FR9NjY%3D"}],"group":"cf-nel","max_age":604800}
NEL: {"success_fraction":0,"report_to":"cf-nel","max_age":604800}
Server: cloudflare
CF-RAY: 89f863998983930f-CPH
Content-Encoding: gzip
alt-svc: h3=":443"; ma=86400

{
    "success": true,
    "accessToken": "Bearer eyJhbGciOiJIUzI1NiIsInR5cCI6IkpXVCJ9.eyJpZCI6IjY2OGFhMGEyOWVkMjgwMDAxYjQ2NTAxNSIsImlhdCI6MTcyMDM2MTEyMiwiZXhwIjoxNzIwMzYyMzIyfQ._uPaFPYpKeviIkffHg0y1dvV-NIaRG-esVaEm2pKK-M",
    "refreshToken": "598007b1987561070ddacc88f84f447848494d394063fd441fd15dd818aa4a521fbb3bf4cf4e7620",
    "user": {
        "email": "conlyjlgev@yandex.ru",
        "name": "qBjhQGAfnn"
    }
}
HTTP/1.1 200 OK
Date: Sun, 07 Jul 2024 14:05:22 GMT
Content-Type: application/json; charset=utf-8
Transfer-Encoding: chunked
Connection: keep-alive
X-Powered-By: Express
Access-Control-Allow-Origin: *
ETag: W/"171-Dwq/OMJMvcEay9BOeQuZqbZYqw0"
CF-Cache-Status: DYNAMIC
Report-To: {"endpoints":[{"url":"https:\/\/a.nel.cloudflare.com\/report\/v4?s=FBgXf297sKH0Q0dp16IcGTxHMl48%2BnQ2LEv7d%2BgfXLsk0RTdKfvSmW9WIHRqcrrB7C6vyzbAdk8ytWAwx1Njc5HLRFole4%2F7D0TcJf66Mhmw10FpoqInnd30%2BPCZ3aiU6RC42gTm4gITR28f1LRtO%2FR9NjY%3D"}],"group":"cf-nel","max_age":604800}
NEL: {"success_fraction":0,"report_to":"cf-nel","max_age":604800}
Server: cloudflare
CF-RAY: 89f863998983930f-CPH
Content-Encoding: gzip
alt-svc: h3=":443"; ma=86400

{
    "success": true,
    "accessToken": "Bearer eyJhbGciOiJIUzI1NiIsInR5cCI6IkpXVCJ9.eyJpZCI6IjY2OGFhMGEyOWVkMjgwMDAxYjQ2NTAxNSIsImlhdCI6MTcyMDM2MTEyMiwiZXhwIjoxNzIwMzYyMzIyfQ._uPaFPYpKeviIkffHg0y1dvV-NIaRG-esVaEm2pKK-M",
    "refreshToken": "598007b1987561070ddacc88f84f447848494d394063fd441fd15dd818aa4a521fbb3bf4cf4e7620",
    "user": {
        "email": "conlyjlgev@yandex.ru",
        "name": "qBjhQGAfnn"
    }
}
HTTP/1.1 200 OK
Date: Sun, 07 Jul 2024 14:05:22 GMT
Content-Type: application/json; charset=utf-8
Transfer-Encoding: chunked
Connection: keep-alive
X-Powered-By: Express
Access-Control-Allow-Origin: *
ETag: W/"171-Dwq/OMJMvcEay9BOeQuZqbZYqw0"
CF-Cache-Status: DYNAMIC
Report-To: {"endpoints":[{"url":"https:\/\/a.nel.cloudflare.com\/report\/v4?s=FBgXf297sKH0Q0dp16IcGTxHMl48%2BnQ2LEv7d%2BgfXLsk0RTdKfvSmW9WIHRqcrrB7C6vyzbAdk8ytWAwx1Njc5HLRFole4%2F7D0TcJf66Mhmw10FpoqInnd30%2BPCZ3aiU6RC42gTm4gITR28f1LRtO%2FR9NjY%3D"}],"group":"cf-nel","max_age":604800}
NEL: {"success_fraction":0,"report_to":"cf-nel","max_age":604800}
Server: cloudflare
CF-RAY: 89f863998983930f-CPH
Content-Encoding: gzip
alt-svc: h3=":443"; ma=86400

{
    "success": true,
    "accessToken": "Bearer eyJhbGciOiJIUzI1NiIsInR5cCI6IkpXVCJ9.eyJpZCI6IjY2OGFhMGEyOWVkMjgwMDAxYjQ2NTAxNSIsImlhdCI6MTcyMDM2MTEyMiwiZXhwIjoxNzIwMzYyMzIyfQ._uPaFPYpKeviIkffHg0y1dvV-NIaRG-esVaEm2pKK-M",
    "refreshToken": "598007b1987561070ddacc88f84f447848494d394063fd441fd15dd818aa4a521fbb3bf4cf4e7620",
    "user": {
        "email": "conlyjlgev@yandex.ru",
        "name": "qBjhQGAfnn"
    }
}
Request method:	POST
Request URI:	https://stellarburgers.nomoreparties.site/api/orders
Proxy:			<none>
Request params:	<none>
Query params:	<none>
Form params:	<none>
Path params:	<none>
Headers:		Authorization=Bearer eyJhbGciOiJIUzI1NiIsInR5cCI6IkpXVCJ9.eyJpZCI6IjY2OGFhMGEyOWVkMjgwMDAxYjQ2NTAxNSIsImlhdCI6MTcyMDM2MTEyMiwiZXhwIjoxNzIwMzYyMzIyfQ._uPaFPYpKeviIkffHg0y1dvV-NIaRG-esVaEm2pKK-M
				Accept=*/*
				Content-Type=application/json
Cookies:		<none>
Multiparts:		<none>
Body:
{
    "ingredients": [
        ""
    ]
}
Request method:	POST
Request URI:	https://stellarburgers.nomoreparties.site/api/orders
Proxy:			<none>
Request params:	<none>
Query params:	<none>
Form params:	<none>
Path params:	<none>
Headers:		Authorization=Bearer eyJhbGciOiJIUzI1NiIsInR5cCI6IkpXVCJ9.eyJpZCI6IjY2OGFhMGEyOWVkMjgwMDAxYjQ2NTAxNSIsImlhdCI6MTcyMDM2MTEyMiwiZXhwIjoxNzIwMzYyMzIyfQ._uPaFPYpKeviIkffHg0y1dvV-NIaRG-esVaEm2pKK-M
				Accept=*/*
				Content-Type=application/json
Cookies:		<none>
Multiparts:		<none>
Body:
{
    "ingredients": [
        ""
    ]
}
Request method:	POST
Request URI:	https://stellarburgers.nomoreparties.site/api/orders
Proxy:			<none>
Request params:	<none>
Query params:	<none>
Form params:	<none>
Path params:	<none>
Headers:		Authorization=Bearer eyJhbGciOiJIUzI1NiIsInR5cCI6IkpXVCJ9.eyJpZCI6IjY2OGFhMGEyOWVkMjgwMDAxYjQ2NTAxNSIsImlhdCI6MTcyMDM2MTEyMiwiZXhwIjoxNzIwMzYyMzIyfQ._uPaFPYpKeviIkffHg0y1dvV-NIaRG-esVaEm2pKK-M
				Accept=*/*
				Content-Type=application/json
Cookies:		<none>
Multiparts:		<none>
Body:
{
    "ingredients": [
        ""
    ]
}
Request method:	POST
Request URI:	https://stellarburgers.nomoreparties.site/api/orders
Proxy:			<none>
Request params:	<none>
Query params:	<none>
Form params:	<none>
Path params:	<none>
Headers:		Authorization=Bearer eyJhbGciOiJIUzI1NiIsInR5cCI6IkpXVCJ9.eyJpZCI6IjY2OGFhMGEyOWVkMjgwMDAxYjQ2NTAxNSIsImlhdCI6MTcyMDM2MTEyMiwiZXhwIjoxNzIwMzYyMzIyfQ._uPaFPYpKeviIkffHg0y1dvV-NIaRG-esVaEm2pKK-M
				Accept=*/*
				Content-Type=application/json
Cookies:		<none>
Multiparts:		<none>
Body:
{
    "ingredients": [
        ""
    ]
}
Request method:	POST
Request URI:	https://stellarburgers.nomoreparties.site/api/orders
Proxy:			<none>
Request params:	<none>
Query params:	<none>
Form params:	<none>
Path params:	<none>
Headers:		Authorization=Bearer eyJhbGciOiJIUzI1NiIsInR5cCI6IkpXVCJ9.eyJpZCI6IjY2OGFhMGEyOWVkMjgwMDAxYjQ2NTAxNSIsImlhdCI6MTcyMDM2MTEyMiwiZXhwIjoxNzIwMzYyMzIyfQ._uPaFPYpKeviIkffHg0y1dvV-NIaRG-esVaEm2pKK-M
				Accept=*/*
				Content-Type=application/json
Cookies:		<none>
Multiparts:		<none>
Body:
{
    "ingredients": [
        ""
    ]
}
Request method:	POST
Request URI:	https://stellarburgers.nomoreparties.site/api/orders
Proxy:			<none>
Request params:	<none>
Query params:	<none>
Form params:	<none>
Path params:	<none>
Headers:		Authorization=Bearer eyJhbGciOiJIUzI1NiIsInR5cCI6IkpXVCJ9.eyJpZCI6IjY2OGFhMGEyOWVkMjgwMDAxYjQ2NTAxNSIsImlhdCI6MTcyMDM2MTEyMiwiZXhwIjoxNzIwMzYyMzIyfQ._uPaFPYpKeviIkffHg0y1dvV-NIaRG-esVaEm2pKK-M
				Accept=*/*
				Content-Type=application/json
Cookies:		<none>
Multiparts:		<none>
Body:
{
    "ingredients": [
        ""
    ]
}
Request method:	POST
Request URI:	https://stellarburgers.nomoreparties.site/api/orders
Proxy:			<none>
Request params:	<none>
Query params:	<none>
Form params:	<none>
Path params:	<none>
Headers:		Authorization=Bearer eyJhbGciOiJIUzI1NiIsInR5cCI6IkpXVCJ9.eyJpZCI6IjY2OGFhMGEyOWVkMjgwMDAxYjQ2NTAxNSIsImlhdCI6MTcyMDM2MTEyMiwiZXhwIjoxNzIwMzYyMzIyfQ._uPaFPYpKeviIkffHg0y1dvV-NIaRG-esVaEm2pKK-M
				Accept=*/*
				Content-Type=application/json
Cookies:		<none>
Multiparts:		<none>
Body:
{
    "ingredients": [
        ""
    ]
}
Request method:	POST
Request URI:	https://stellarburgers.nomoreparties.site/api/orders
Proxy:			<none>
Request params:	<none>
Query params:	<none>
Form params:	<none>
Path params:	<none>
Headers:		Authorization=Bearer eyJhbGciOiJIUzI1NiIsInR5cCI6IkpXVCJ9.eyJpZCI6IjY2OGFhMGEyOWVkMjgwMDAxYjQ2NTAxNSIsImlhdCI6MTcyMDM2MTEyMiwiZXhwIjoxNzIwMzYyMzIyfQ._uPaFPYpKeviIkffHg0y1dvV-NIaRG-esVaEm2pKK-M
				Accept=*/*
				Content-Type=application/json
Cookies:		<none>
Multiparts:		<none>
Body:
{
    "ingredients": [
        ""
    ]
}
Request method:	POST
Request URI:	https://stellarburgers.nomoreparties.site/api/orders
Proxy:			<none>
Request params:	<none>
Query params:	<none>
Form params:	<none>
Path params:	<none>
Headers:		Authorization=Bearer eyJhbGciOiJIUzI1NiIsInR5cCI6IkpXVCJ9.eyJpZCI6IjY2OGFhMGEyOWVkMjgwMDAxYjQ2NTAxNSIsImlhdCI6MTcyMDM2MTEyMiwiZXhwIjoxNzIwMzYyMzIyfQ._uPaFPYpKeviIkffHg0y1dvV-NIaRG-esVaEm2pKK-M
				Accept=*/*
				Content-Type=application/json
Cookies:		<none>
Multiparts:		<none>
Body:
{
    "ingredients": [
        ""
    ]
}
Request method:	POST
Request URI:	https://stellarburgers.nomoreparties.site/api/orders
Proxy:			<none>
Request params:	<none>
Query params:	<none>
Form params:	<none>
Path params:	<none>
Headers:		Authorization=Bearer eyJhbGciOiJIUzI1NiIsInR5cCI6IkpXVCJ9.eyJpZCI6IjY2OGFhMGEyOWVkMjgwMDAxYjQ2NTAxNSIsImlhdCI6MTcyMDM2MTEyMiwiZXhwIjoxNzIwMzYyMzIyfQ._uPaFPYpKeviIkffHg0y1dvV-NIaRG-esVaEm2pKK-M
				Accept=*/*
				Content-Type=application/json
Cookies:		<none>
Multiparts:		<none>
Body:
{
    "ingredients": [
        ""
    ]
}
HTTP/1.1 500 Internal Server Error
Date: Sun, 07 Jul 2024 14:05:23 GMT
Content-Type: text/html; charset=utf-8
Transfer-Encoding: chunked
Connection: keep-alive
X-Powered-By: Express
Access-Control-Allow-Origin: *
Content-Security-Policy: default-src 'none'
X-Content-Type-Options: nosniff
CF-Cache-Status: DYNAMIC
Report-To: {"endpoints":[{"url":"https:\/\/a.nel.cloudflare.com\/report\/v4?s=jmwNI5PaHGbGRpZGMkRin9iLV12IP3631fvXYD2NoJkEPbVOBVUmzO2u0ko1tobvEH96TDDNHFsnSjHZkUb1bmN0OaD1YXz8d7uyh2zyHOW%2FV%2Bqq4e43d%2BLuWC0heu6gkIc8PIy9zstE5bULDUQuW3Qi2fs%3D"}],"group":"cf-nel","max_age":604800}
NEL: {"success_fraction":0,"report_to":"cf-nel","max_age":604800}
Server: cloudflare
CF-RAY: 89f8639b3c1f993c-ARN
alt-svc: h3=":443"; ma=86400

<html lang="en">
  <head>
    <meta charset="utf-8"/>
    <title>Error</title>
  </head>
  <body>
    <pre>Internal Server Error</pre>
  </body>
</html>
HTTP/1.1 500 Internal Server Error
Date: Sun, 07 Jul 2024 14:05:23 GMT
Content-Type: text/html; charset=utf-8
Transfer-Encoding: chunked
Connection: keep-alive
X-Powered-By: Express
Access-Control-Allow-Origin: *
Content-Security-Policy: default-src 'none'
X-Content-Type-Options: nosniff
CF-Cache-Status: DYNAMIC
Report-To: {"endpoints":[{"url":"https:\/\/a.nel.cloudflare.com\/report\/v4?s=jmwNI5PaHGbGRpZGMkRin9iLV12IP3631fvXYD2NoJkEPbVOBVUmzO2u0ko1tobvEH96TDDNHFsnSjHZkUb1bmN0OaD1YXz8d7uyh2zyHOW%2FV%2Bqq4e43d%2BLuWC0heu6gkIc8PIy9zstE5bULDUQuW3Qi2fs%3D"}],"group":"cf-nel","max_age":604800}
NEL: {"success_fraction":0,"report_to":"cf-nel","max_age":604800}
Server: cloudflare
CF-RAY: 89f8639b3c1f993c-ARN
alt-svc: h3=":443"; ma=86400

<html lang="en">
  <head>
    <meta charset="utf-8"/>
    <title>Error</title>
  </head>
  <body>
    <pre>Internal Server Error</pre>
  </body>
</html>
HTTP/1.1 500 Internal Server Error
Date: Sun, 07 Jul 2024 14:05:23 GMT
Content-Type: text/html; charset=utf-8
Transfer-Encoding: chunked
Connection: keep-alive
X-Powered-By: Express
Access-Control-Allow-Origin: *
Content-Security-Policy: default-src 'none'
X-Content-Type-Options: nosniff
CF-Cache-Status: DYNAMIC
Report-To: {"endpoints":[{"url":"https:\/\/a.nel.cloudflare.com\/report\/v4?s=jmwNI5PaHGbGRpZGMkRin9iLV12IP3631fvXYD2NoJkEPbVOBVUmzO2u0ko1tobvEH96TDDNHFsnSjHZkUb1bmN0OaD1YXz8d7uyh2zyHOW%2FV%2Bqq4e43d%2BLuWC0heu6gkIc8PIy9zstE5bULDUQuW3Qi2fs%3D"}],"group":"cf-nel","max_age":604800}
NEL: {"success_fraction":0,"report_to":"cf-nel","max_age":604800}
Server: cloudflare
CF-RAY: 89f8639b3c1f993c-ARN
alt-svc: h3=":443"; ma=86400

<html lang="en">
  <head>
    <meta charset="utf-8"/>
    <title>Error</title>
  </head>
  <body>
    <pre>Internal Server Error</pre>
  </body>
</html>
HTTP/1.1 500 Internal Server Error
Date: Sun, 07 Jul 2024 14:05:23 GMT
Content-Type: text/html; charset=utf-8
Transfer-Encoding: chunked
Connection: keep-alive
X-Powered-By: Express
Access-Control-Allow-Origin: *
Content-Security-Policy: default-src 'none'
X-Content-Type-Options: nosniff
CF-Cache-Status: DYNAMIC
Report-To: {"endpoints":[{"url":"https:\/\/a.nel.cloudflare.com\/report\/v4?s=jmwNI5PaHGbGRpZGMkRin9iLV12IP3631fvXYD2NoJkEPbVOBVUmzO2u0ko1tobvEH96TDDNHFsnSjHZkUb1bmN0OaD1YXz8d7uyh2zyHOW%2FV%2Bqq4e43d%2BLuWC0heu6gkIc8PIy9zstE5bULDUQuW3Qi2fs%3D"}],"group":"cf-nel","max_age":604800}
NEL: {"success_fraction":0,"report_to":"cf-nel","max_age":604800}
Server: cloudflare
CF-RAY: 89f8639b3c1f993c-ARN
alt-svc: h3=":443"; ma=86400

<html lang="en">
  <head>
    <meta charset="utf-8"/>
    <title>Error</title>
  </head>
  <body>
    <pre>Internal Server Error</pre>
  </body>
</html>
HTTP/1.1 500 Internal Server Error
Date: Sun, 07 Jul 2024 14:05:23 GMT
Content-Type: text/html; charset=utf-8
Transfer-Encoding: chunked
Connection: keep-alive
X-Powered-By: Express
Access-Control-Allow-Origin: *
Content-Security-Policy: default-src 'none'
X-Content-Type-Options: nosniff
CF-Cache-Status: DYNAMIC
Report-To: {"endpoints":[{"url":"https:\/\/a.nel.cloudflare.com\/report\/v4?s=jmwNI5PaHGbGRpZGMkRin9iLV12IP3631fvXYD2NoJkEPbVOBVUmzO2u0ko1tobvEH96TDDNHFsnSjHZkUb1bmN0OaD1YXz8d7uyh2zyHOW%2FV%2Bqq4e43d%2BLuWC0heu6gkIc8PIy9zstE5bULDUQuW3Qi2fs%3D"}],"group":"cf-nel","max_age":604800}
NEL: {"success_fraction":0,"report_to":"cf-nel","max_age":604800}
Server: cloudflare
CF-RAY: 89f8639b3c1f993c-ARN
alt-svc: h3=":443"; ma=86400

<html lang="en">
  <head>
    <meta charset="utf-8"/>
    <title>Error</title>
  </head>
  <body>
    <pre>Internal Server Error</pre>
  </body>
</html>
HTTP/1.1 500 Internal Server Error
Date: Sun, 07 Jul 2024 14:05:23 GMT
Content-Type: text/html; charset=utf-8
Transfer-Encoding: chunked
Connection: keep-alive
X-Powered-By: Express
Access-Control-Allow-Origin: *
Content-Security-Policy: default-src 'none'
X-Content-Type-Options: nosniff
CF-Cache-Status: DYNAMIC
Report-To: {"endpoints":[{"url":"https:\/\/a.nel.cloudflare.com\/report\/v4?s=jmwNI5PaHGbGRpZGMkRin9iLV12IP3631fvXYD2NoJkEPbVOBVUmzO2u0ko1tobvEH96TDDNHFsnSjHZkUb1bmN0OaD1YXz8d7uyh2zyHOW%2FV%2Bqq4e43d%2BLuWC0heu6gkIc8PIy9zstE5bULDUQuW3Qi2fs%3D"}],"group":"cf-nel","max_age":604800}
NEL: {"success_fraction":0,"report_to":"cf-nel","max_age":604800}
Server: cloudflare
CF-RAY: 89f8639b3c1f993c-ARN
alt-svc: h3=":443"; ma=86400

<html lang="en">
  <head>
    <meta charset="utf-8"/>
    <title>Error</title>
  </head>
  <body>
    <pre>Internal Server Error</pre>
  </body>
</html>
HTTP/1.1 500 Internal Server Error
Date: Sun, 07 Jul 2024 14:05:23 GMT
Content-Type: text/html; charset=utf-8
Transfer-Encoding: chunked
Connection: keep-alive
X-Powered-By: Express
Access-Control-Allow-Origin: *
Content-Security-Policy: default-src 'none'
X-Content-Type-Options: nosniff
CF-Cache-Status: DYNAMIC
Report-To: {"endpoints":[{"url":"https:\/\/a.nel.cloudflare.com\/report\/v4?s=jmwNI5PaHGbGRpZGMkRin9iLV12IP3631fvXYD2NoJkEPbVOBVUmzO2u0ko1tobvEH96TDDNHFsnSjHZkUb1bmN0OaD1YXz8d7uyh2zyHOW%2FV%2Bqq4e43d%2BLuWC0heu6gkIc8PIy9zstE5bULDUQuW3Qi2fs%3D"}],"group":"cf-nel","max_age":604800}
NEL: {"success_fraction":0,"report_to":"cf-nel","max_age":604800}
Server: cloudflare
CF-RAY: 89f8639b3c1f993c-ARN
alt-svc: h3=":443"; ma=86400

<html lang="en">
  <head>
    <meta charset="utf-8"/>
    <title>Error</title>
  </head>
  <body>
    <pre>Internal Server Error</pre>
  </body>
</html>
HTTP/1.1 500 Internal Server Error
Date: Sun, 07 Jul 2024 14:05:23 GMT
Content-Type: text/html; charset=utf-8
Transfer-Encoding: chunked
Connection: keep-alive
X-Powered-By: Express
Access-Control-Allow-Origin: *
Content-Security-Policy: default-src 'none'
X-Content-Type-Options: nosniff
CF-Cache-Status: DYNAMIC
Report-To: {"endpoints":[{"url":"https:\/\/a.nel.cloudflare.com\/report\/v4?s=jmwNI5PaHGbGRpZGMkRin9iLV12IP3631fvXYD2NoJkEPbVOBVUmzO2u0ko1tobvEH96TDDNHFsnSjHZkUb1bmN0OaD1YXz8d7uyh2zyHOW%2FV%2Bqq4e43d%2BLuWC0heu6gkIc8PIy9zstE5bULDUQuW3Qi2fs%3D"}],"group":"cf-nel","max_age":604800}
NEL: {"success_fraction":0,"report_to":"cf-nel","max_age":604800}
Server: cloudflare
CF-RAY: 89f8639b3c1f993c-ARN
alt-svc: h3=":443"; ma=86400

<html lang="en">
  <head>
    <meta charset="utf-8"/>
    <title>Error</title>
  </head>
  <body>
    <pre>Internal Server Error</pre>
  </body>
</html>
HTTP/1.1 500 Internal Server Error
Date: Sun, 07 Jul 2024 14:05:23 GMT
Content-Type: text/html; charset=utf-8
Transfer-Encoding: chunked
Connection: keep-alive
X-Powered-By: Express
Access-Control-Allow-Origin: *
Content-Security-Policy: default-src 'none'
X-Content-Type-Options: nosniff
CF-Cache-Status: DYNAMIC
Report-To: {"endpoints":[{"url":"https:\/\/a.nel.cloudflare.com\/report\/v4?s=jmwNI5PaHGbGRpZGMkRin9iLV12IP3631fvXYD2NoJkEPbVOBVUmzO2u0ko1tobvEH96TDDNHFsnSjHZkUb1bmN0OaD1YXz8d7uyh2zyHOW%2FV%2Bqq4e43d%2BLuWC0heu6gkIc8PIy9zstE5bULDUQuW3Qi2fs%3D"}],"group":"cf-nel","max_age":604800}
NEL: {"success_fraction":0,"report_to":"cf-nel","max_age":604800}
Server: cloudflare
CF-RAY: 89f8639b3c1f993c-ARN
alt-svc: h3=":443"; ma=86400

<html lang="en">
  <head>
    <meta charset="utf-8"/>
    <title>Error</title>
  </head>
  <body>
    <pre>Internal Server Error</pre>
  </body>
</html>
HTTP/1.1 500 Internal Server Error
Date: Sun, 07 Jul 2024 14:05:23 GMT
Content-Type: text/html; charset=utf-8
Transfer-Encoding: chunked
Connection: keep-alive
X-Powered-By: Express
Access-Control-Allow-Origin: *
Content-Security-Policy: default-src 'none'
X-Content-Type-Options: nosniff
CF-Cache-Status: DYNAMIC
Report-To: {"endpoints":[{"url":"https:\/\/a.nel.cloudflare.com\/report\/v4?s=jmwNI5PaHGbGRpZGMkRin9iLV12IP3631fvXYD2NoJkEPbVOBVUmzO2u0ko1tobvEH96TDDNHFsnSjHZkUb1bmN0OaD1YXz8d7uyh2zyHOW%2FV%2Bqq4e43d%2BLuWC0heu6gkIc8PIy9zstE5bULDUQuW3Qi2fs%3D"}],"group":"cf-nel","max_age":604800}
NEL: {"success_fraction":0,"report_to":"cf-nel","max_age":604800}
Server: cloudflare
CF-RAY: 89f8639b3c1f993c-ARN
alt-svc: h3=":443"; ma=86400

<html lang="en">
  <head>
    <meta charset="utf-8"/>
    <title>Error</title>
  </head>
  <body>
    <pre>Internal Server Error</pre>
  </body>
</html>
Request method:	POST
Request URI:	https://stellarburgers.nomoreparties.site/api/auth/login
Proxy:			<none>
Request params:	<none>
Query params:	<none>
Form params:	<none>
Path params:	<none>
Headers:		Accept=*/*
				Content-Type=application/json
Cookies:		<none>
Multiparts:		<none>
Body:
{
    "email": "COnlYJlGEv@yandex.ru",
    "password": "nVPClsHtok"
}
Request method:	POST
Request URI:	https://stellarburgers.nomoreparties.site/api/auth/login
Proxy:			<none>
Request params:	<none>
Query params:	<none>
Form params:	<none>
Path params:	<none>
Headers:		Accept=*/*
				Content-Type=application/json
Cookies:		<none>
Multiparts:		<none>
Body:
{
    "email": "COnlYJlGEv@yandex.ru",
    "password": "nVPClsHtok"
}
Request method:	POST
Request URI:	https://stellarburgers.nomoreparties.site/api/auth/login
Proxy:			<none>
Request params:	<none>
Query params:	<none>
Form params:	<none>
Path params:	<none>
Headers:		Accept=*/*
				Content-Type=application/json
Cookies:		<none>
Multiparts:		<none>
Body:
{
    "email": "COnlYJlGEv@yandex.ru",
    "password": "nVPClsHtok"
}
Request method:	POST
Request URI:	https://stellarburgers.nomoreparties.site/api/auth/login
Proxy:			<none>
Request params:	<none>
Query params:	<none>
Form params:	<none>
Path params:	<none>
Headers:		Accept=*/*
				Content-Type=application/json
Cookies:		<none>
Multiparts:		<none>
Body:
{
    "email": "COnlYJlGEv@yandex.ru",
    "password": "nVPClsHtok"
}
Request method:	POST
Request URI:	https://stellarburgers.nomoreparties.site/api/auth/login
Proxy:			<none>
Request params:	<none>
Query params:	<none>
Form params:	<none>
Path params:	<none>
Headers:		Accept=*/*
				Content-Type=application/json
Cookies:		<none>
Multiparts:		<none>
Body:
{
    "email": "COnlYJlGEv@yandex.ru",
    "password": "nVPClsHtok"
}
Request method:	POST
Request URI:	https://stellarburgers.nomoreparties.site/api/auth/login
Proxy:			<none>
Request params:	<none>
Query params:	<none>
Form params:	<none>
Path params:	<none>
Headers:		Accept=*/*
				Content-Type=application/json
Cookies:		<none>
Multiparts:		<none>
Body:
{
    "email": "COnlYJlGEv@yandex.ru",
    "password": "nVPClsHtok"
}
Request method:	POST
Request URI:	https://stellarburgers.nomoreparties.site/api/auth/login
Proxy:			<none>
Request params:	<none>
Query params:	<none>
Form params:	<none>
Path params:	<none>
Headers:		Accept=*/*
				Content-Type=application/json
Cookies:		<none>
Multiparts:		<none>
Body:
{
    "email": "COnlYJlGEv@yandex.ru",
    "password": "nVPClsHtok"
}
Request method:	POST
Request URI:	https://stellarburgers.nomoreparties.site/api/auth/login
Proxy:			<none>
Request params:	<none>
Query params:	<none>
Form params:	<none>
Path params:	<none>
Headers:		Accept=*/*
				Content-Type=application/json
Cookies:		<none>
Multiparts:		<none>
Body:
{
    "email": "COnlYJlGEv@yandex.ru",
    "password": "nVPClsHtok"
}
Request method:	POST
Request URI:	https://stellarburgers.nomoreparties.site/api/auth/login
Proxy:			<none>
Request params:	<none>
Query params:	<none>
Form params:	<none>
Path params:	<none>
Headers:		Accept=*/*
				Content-Type=application/json
Cookies:		<none>
Multiparts:		<none>
Body:
{
    "email": "COnlYJlGEv@yandex.ru",
    "password": "nVPClsHtok"
}
Request method:	POST
Request URI:	https://stellarburgers.nomoreparties.site/api/auth/login
Proxy:			<none>
Request params:	<none>
Query params:	<none>
Form params:	<none>
Path params:	<none>
Headers:		Accept=*/*
				Content-Type=application/json
Cookies:		<none>
Multiparts:		<none>
Body:
{
    "email": "COnlYJlGEv@yandex.ru",
    "password": "nVPClsHtok"
}
HTTP/1.1 200 OK
Date: Sun, 07 Jul 2024 14:05:23 GMT
Content-Type: application/json; charset=utf-8
Transfer-Encoding: chunked
Connection: keep-alive
X-Powered-By: Express
Access-Control-Allow-Origin: *
ETag: W/"171-laPxH/8MEwmV4nW/lQcm5pby6JQ"
CF-Cache-Status: DYNAMIC
Report-To: {"endpoints":[{"url":"https:\/\/a.nel.cloudflare.com\/report\/v4?s=facnl5Bt0zPrlyYkk02zNrgwBTVTJ%2FD3zBf7uedRgp7115vabE8GC4SrFfJu9ImpVVQcSG5%2FHDl1qSzTJce9DYPaYSFzVYeffTg96xMIECBnA5VxYFuAn8%2B9Xg3aaZehaHvEJe57MjcNRbnNRTrO%2F1mzwfw%3D"}],"group":"cf-nel","max_age":604800}
NEL: {"success_fraction":0,"report_to":"cf-nel","max_age":604800}
Server: cloudflare
CF-RAY: 89f8639e29369df9-DME
Content-Encoding: gzip
alt-svc: h3=":443"; ma=86400

{
    "success": true,
    "accessToken": "Bearer eyJhbGciOiJIUzI1NiIsInR5cCI6IkpXVCJ9.eyJpZCI6IjY2OGFhMGEyOWVkMjgwMDAxYjQ2NTAxNSIsImlhdCI6MTcyMDM2MTEyMywiZXhwIjoxNzIwMzYyMzIzfQ.Szvu_kVwrj3GLDUIwqj8lK-0tjQm2lj5P4DnqKdNBBU",
    "refreshToken": "ba1f06f213a8c801735828c6f52147d52dc9d6935121938eb7efbc3d19f21ce11df1b10ddea6665c",
    "user": {
        "email": "conlyjlgev@yandex.ru",
        "name": "qBjhQGAfnn"
    }
}
HTTP/1.1 200 OK
Date: Sun, 07 Jul 2024 14:05:23 GMT
Content-Type: application/json; charset=utf-8
Transfer-Encoding: chunked
Connection: keep-alive
X-Powered-By: Express
Access-Control-Allow-Origin: *
ETag: W/"171-laPxH/8MEwmV4nW/lQcm5pby6JQ"
CF-Cache-Status: DYNAMIC
Report-To: {"endpoints":[{"url":"https:\/\/a.nel.cloudflare.com\/report\/v4?s=facnl5Bt0zPrlyYkk02zNrgwBTVTJ%2FD3zBf7uedRgp7115vabE8GC4SrFfJu9ImpVVQcSG5%2FHDl1qSzTJce9DYPaYSFzVYeffTg96xMIECBnA5VxYFuAn8%2B9Xg3aaZehaHvEJe57MjcNRbnNRTrO%2F1mzwfw%3D"}],"group":"cf-nel","max_age":604800}
NEL: {"success_fraction":0,"report_to":"cf-nel","max_age":604800}
Server: cloudflare
CF-RAY: 89f8639e29369df9-DME
Content-Encoding: gzip
alt-svc: h3=":443"; ma=86400

{
    "success": true,
    "accessToken": "Bearer eyJhbGciOiJIUzI1NiIsInR5cCI6IkpXVCJ9.eyJpZCI6IjY2OGFhMGEyOWVkMjgwMDAxYjQ2NTAxNSIsImlhdCI6MTcyMDM2MTEyMywiZXhwIjoxNzIwMzYyMzIzfQ.Szvu_kVwrj3GLDUIwqj8lK-0tjQm2lj5P4DnqKdNBBU",
    "refreshToken": "ba1f06f213a8c801735828c6f52147d52dc9d6935121938eb7efbc3d19f21ce11df1b10ddea6665c",
    "user": {
        "email": "conlyjlgev@yandex.ru",
        "name": "qBjhQGAfnn"
    }
}
HTTP/1.1 200 OK
Date: Sun, 07 Jul 2024 14:05:23 GMT
Content-Type: application/json; charset=utf-8
Transfer-Encoding: chunked
Connection: keep-alive
X-Powered-By: Express
Access-Control-Allow-Origin: *
ETag: W/"171-laPxH/8MEwmV4nW/lQcm5pby6JQ"
CF-Cache-Status: DYNAMIC
Report-To: {"endpoints":[{"url":"https:\/\/a.nel.cloudflare.com\/report\/v4?s=facnl5Bt0zPrlyYkk02zNrgwBTVTJ%2FD3zBf7uedRgp7115vabE8GC4SrFfJu9ImpVVQcSG5%2FHDl1qSzTJce9DYPaYSFzVYeffTg96xMIECBnA5VxYFuAn8%2B9Xg3aaZehaHvEJe57MjcNRbnNRTrO%2F1mzwfw%3D"}],"group":"cf-nel","max_age":604800}
NEL: {"success_fraction":0,"report_to":"cf-nel","max_age":604800}
Server: cloudflare
CF-RAY: 89f8639e29369df9-DME
Content-Encoding: gzip
alt-svc: h3=":443"; ma=86400

{
    "success": true,
    "accessToken": "Bearer eyJhbGciOiJIUzI1NiIsInR5cCI6IkpXVCJ9.eyJpZCI6IjY2OGFhMGEyOWVkMjgwMDAxYjQ2NTAxNSIsImlhdCI6MTcyMDM2MTEyMywiZXhwIjoxNzIwMzYyMzIzfQ.Szvu_kVwrj3GLDUIwqj8lK-0tjQm2lj5P4DnqKdNBBU",
    "refreshToken": "ba1f06f213a8c801735828c6f52147d52dc9d6935121938eb7efbc3d19f21ce11df1b10ddea6665c",
    "user": {
        "email": "conlyjlgev@yandex.ru",
        "name": "qBjhQGAfnn"
    }
}
HTTP/1.1 200 OK
Date: Sun, 07 Jul 2024 14:05:23 GMT
Content-Type: application/json; charset=utf-8
Transfer-Encoding: chunked
Connection: keep-alive
X-Powered-By: Express
Access-Control-Allow-Origin: *
ETag: W/"171-laPxH/8MEwmV4nW/lQcm5pby6JQ"
CF-Cache-Status: DYNAMIC
Report-To: {"endpoints":[{"url":"https:\/\/a.nel.cloudflare.com\/report\/v4?s=facnl5Bt0zPrlyYkk02zNrgwBTVTJ%2FD3zBf7uedRgp7115vabE8GC4SrFfJu9ImpVVQcSG5%2FHDl1qSzTJce9DYPaYSFzVYeffTg96xMIECBnA5VxYFuAn8%2B9Xg3aaZehaHvEJe57MjcNRbnNRTrO%2F1mzwfw%3D"}],"group":"cf-nel","max_age":604800}
NEL: {"success_fraction":0,"report_to":"cf-nel","max_age":604800}
Server: cloudflare
CF-RAY: 89f8639e29369df9-DME
Content-Encoding: gzip
alt-svc: h3=":443"; ma=86400

{
    "success": true,
    "accessToken": "Bearer eyJhbGciOiJIUzI1NiIsInR5cCI6IkpXVCJ9.eyJpZCI6IjY2OGFhMGEyOWVkMjgwMDAxYjQ2NTAxNSIsImlhdCI6MTcyMDM2MTEyMywiZXhwIjoxNzIwMzYyMzIzfQ.Szvu_kVwrj3GLDUIwqj8lK-0tjQm2lj5P4DnqKdNBBU",
    "refreshToken": "ba1f06f213a8c801735828c6f52147d52dc9d6935121938eb7efbc3d19f21ce11df1b10ddea6665c",
    "user": {
        "email": "conlyjlgev@yandex.ru",
        "name": "qBjhQGAfnn"
    }
}
HTTP/1.1 200 OK
Date: Sun, 07 Jul 2024 14:05:23 GMT
Content-Type: application/json; charset=utf-8
Transfer-Encoding: chunked
Connection: keep-alive
X-Powered-By: Express
Access-Control-Allow-Origin: *
ETag: W/"171-laPxH/8MEwmV4nW/lQcm5pby6JQ"
CF-Cache-Status: DYNAMIC
Report-To: {"endpoints":[{"url":"https:\/\/a.nel.cloudflare.com\/report\/v4?s=facnl5Bt0zPrlyYkk02zNrgwBTVTJ%2FD3zBf7uedRgp7115vabE8GC4SrFfJu9ImpVVQcSG5%2FHDl1qSzTJce9DYPaYSFzVYeffTg96xMIECBnA5VxYFuAn8%2B9Xg3aaZehaHvEJe57MjcNRbnNRTrO%2F1mzwfw%3D"}],"group":"cf-nel","max_age":604800}
NEL: {"success_fraction":0,"report_to":"cf-nel","max_age":604800}
Server: cloudflare
CF-RAY: 89f8639e29369df9-DME
Content-Encoding: gzip
alt-svc: h3=":443"; ma=86400

{
    "success": true,
    "accessToken": "Bearer eyJhbGciOiJIUzI1NiIsInR5cCI6IkpXVCJ9.eyJpZCI6IjY2OGFhMGEyOWVkMjgwMDAxYjQ2NTAxNSIsImlhdCI6MTcyMDM2MTEyMywiZXhwIjoxNzIwMzYyMzIzfQ.Szvu_kVwrj3GLDUIwqj8lK-0tjQm2lj5P4DnqKdNBBU",
    "refreshToken": "ba1f06f213a8c801735828c6f52147d52dc9d6935121938eb7efbc3d19f21ce11df1b10ddea6665c",
    "user": {
        "email": "conlyjlgev@yandex.ru",
        "name": "qBjhQGAfnn"
    }
}
HTTP/1.1 200 OK
Date: Sun, 07 Jul 2024 14:05:23 GMT
Content-Type: application/json; charset=utf-8
Transfer-Encoding: chunked
Connection: keep-alive
X-Powered-By: Express
Access-Control-Allow-Origin: *
ETag: W/"171-laPxH/8MEwmV4nW/lQcm5pby6JQ"
CF-Cache-Status: DYNAMIC
Report-To: {"endpoints":[{"url":"https:\/\/a.nel.cloudflare.com\/report\/v4?s=facnl5Bt0zPrlyYkk02zNrgwBTVTJ%2FD3zBf7uedRgp7115vabE8GC4SrFfJu9ImpVVQcSG5%2FHDl1qSzTJce9DYPaYSFzVYeffTg96xMIECBnA5VxYFuAn8%2B9Xg3aaZehaHvEJe57MjcNRbnNRTrO%2F1mzwfw%3D"}],"group":"cf-nel","max_age":604800}
NEL: {"success_fraction":0,"report_to":"cf-nel","max_age":604800}
Server: cloudflare
CF-RAY: 89f8639e29369df9-DME
Content-Encoding: gzip
alt-svc: h3=":443"; ma=86400

{
    "success": true,
    "accessToken": "Bearer eyJhbGciOiJIUzI1NiIsInR5cCI6IkpXVCJ9.eyJpZCI6IjY2OGFhMGEyOWVkMjgwMDAxYjQ2NTAxNSIsImlhdCI6MTcyMDM2MTEyMywiZXhwIjoxNzIwMzYyMzIzfQ.Szvu_kVwrj3GLDUIwqj8lK-0tjQm2lj5P4DnqKdNBBU",
    "refreshToken": "ba1f06f213a8c801735828c6f52147d52dc9d6935121938eb7efbc3d19f21ce11df1b10ddea6665c",
    "user": {
        "email": "conlyjlgev@yandex.ru",
        "name": "qBjhQGAfnn"
    }
}
HTTP/1.1 200 OK
Date: Sun, 07 Jul 2024 14:05:23 GMT
Content-Type: application/json; charset=utf-8
Transfer-Encoding: chunked
Connection: keep-alive
X-Powered-By: Express
Access-Control-Allow-Origin: *
ETag: W/"171-laPxH/8MEwmV4nW/lQcm5pby6JQ"
CF-Cache-Status: DYNAMIC
Report-To: {"endpoints":[{"url":"https:\/\/a.nel.cloudflare.com\/report\/v4?s=facnl5Bt0zPrlyYkk02zNrgwBTVTJ%2FD3zBf7uedRgp7115vabE8GC4SrFfJu9ImpVVQcSG5%2FHDl1qSzTJce9DYPaYSFzVYeffTg96xMIECBnA5VxYFuAn8%2B9Xg3aaZehaHvEJe57MjcNRbnNRTrO%2F1mzwfw%3D"}],"group":"cf-nel","max_age":604800}
NEL: {"success_fraction":0,"report_to":"cf-nel","max_age":604800}
Server: cloudflare
CF-RAY: 89f8639e29369df9-DME
Content-Encoding: gzip
alt-svc: h3=":443"; ma=86400

{
    "success": true,
    "accessToken": "Bearer eyJhbGciOiJIUzI1NiIsInR5cCI6IkpXVCJ9.eyJpZCI6IjY2OGFhMGEyOWVkMjgwMDAxYjQ2NTAxNSIsImlhdCI6MTcyMDM2MTEyMywiZXhwIjoxNzIwMzYyMzIzfQ.Szvu_kVwrj3GLDUIwqj8lK-0tjQm2lj5P4DnqKdNBBU",
    "refreshToken": "ba1f06f213a8c801735828c6f52147d52dc9d6935121938eb7efbc3d19f21ce11df1b10ddea6665c",
    "user": {
        "email": "conlyjlgev@yandex.ru",
        "name": "qBjhQGAfnn"
    }
}
HTTP/1.1 200 OK
Date: Sun, 07 Jul 2024 14:05:23 GMT
Content-Type: application/json; charset=utf-8
Transfer-Encoding: chunked
Connection: keep-alive
X-Powered-By: Express
Access-Control-Allow-Origin: *
ETag: W/"171-laPxH/8MEwmV4nW/lQcm5pby6JQ"
CF-Cache-Status: DYNAMIC
Report-To: {"endpoints":[{"url":"https:\/\/a.nel.cloudflare.com\/report\/v4?s=facnl5Bt0zPrlyYkk02zNrgwBTVTJ%2FD3zBf7uedRgp7115vabE8GC4SrFfJu9ImpVVQcSG5%2FHDl1qSzTJce9DYPaYSFzVYeffTg96xMIECBnA5VxYFuAn8%2B9Xg3aaZehaHvEJe57MjcNRbnNRTrO%2F1mzwfw%3D"}],"group":"cf-nel","max_age":604800}
NEL: {"success_fraction":0,"report_to":"cf-nel","max_age":604800}
Server: cloudflare
CF-RAY: 89f8639e29369df9-DME
Content-Encoding: gzip
alt-svc: h3=":443"; ma=86400

{
    "success": true,
    "accessToken": "Bearer eyJhbGciOiJIUzI1NiIsInR5cCI6IkpXVCJ9.eyJpZCI6IjY2OGFhMGEyOWVkMjgwMDAxYjQ2NTAxNSIsImlhdCI6MTcyMDM2MTEyMywiZXhwIjoxNzIwMzYyMzIzfQ.Szvu_kVwrj3GLDUIwqj8lK-0tjQm2lj5P4DnqKdNBBU",
    "refreshToken": "ba1f06f213a8c801735828c6f52147d52dc9d6935121938eb7efbc3d19f21ce11df1b10ddea6665c",
    "user": {
        "email": "conlyjlgev@yandex.ru",
        "name": "qBjhQGAfnn"
    }
}
HTTP/1.1 200 OK
Date: Sun, 07 Jul 2024 14:05:23 GMT
Content-Type: application/json; charset=utf-8
Transfer-Encoding: chunked
Connection: keep-alive
X-Powered-By: Express
Access-Control-Allow-Origin: *
ETag: W/"171-laPxH/8MEwmV4nW/lQcm5pby6JQ"
CF-Cache-Status: DYNAMIC
Report-To: {"endpoints":[{"url":"https:\/\/a.nel.cloudflare.com\/report\/v4?s=facnl5Bt0zPrlyYkk02zNrgwBTVTJ%2FD3zBf7uedRgp7115vabE8GC4SrFfJu9ImpVVQcSG5%2FHDl1qSzTJce9DYPaYSFzVYeffTg96xMIECBnA5VxYFuAn8%2B9Xg3aaZehaHvEJe57MjcNRbnNRTrO%2F1mzwfw%3D"}],"group":"cf-nel","max_age":604800}
NEL: {"success_fraction":0,"report_to":"cf-nel","max_age":604800}
Server: cloudflare
CF-RAY: 89f8639e29369df9-DME
Content-Encoding: gzip
alt-svc: h3=":443"; ma=86400

{
    "success": true,
    "accessToken": "Bearer eyJhbGciOiJIUzI1NiIsInR5cCI6IkpXVCJ9.eyJpZCI6IjY2OGFhMGEyOWVkMjgwMDAxYjQ2NTAxNSIsImlhdCI6MTcyMDM2MTEyMywiZXhwIjoxNzIwMzYyMzIzfQ.Szvu_kVwrj3GLDUIwqj8lK-0tjQm2lj5P4DnqKdNBBU",
    "refreshToken": "ba1f06f213a8c801735828c6f52147d52dc9d6935121938eb7efbc3d19f21ce11df1b10ddea6665c",
    "user": {
        "email": "conlyjlgev@yandex.ru",
        "name": "qBjhQGAfnn"
    }
}
HTTP/1.1 200 OK
Date: Sun, 07 Jul 2024 14:05:23 GMT
Content-Type: application/json; charset=utf-8
Transfer-Encoding: chunked
Connection: keep-alive
X-Powered-By: Express
Access-Control-Allow-Origin: *
ETag: W/"171-laPxH/8MEwmV4nW/lQcm5pby6JQ"
CF-Cache-Status: DYNAMIC
Report-To: {"endpoints":[{"url":"https:\/\/a.nel.cloudflare.com\/report\/v4?s=facnl5Bt0zPrlyYkk02zNrgwBTVTJ%2FD3zBf7uedRgp7115vabE8GC4SrFfJu9ImpVVQcSG5%2FHDl1qSzTJce9DYPaYSFzVYeffTg96xMIECBnA5VxYFuAn8%2B9Xg3aaZehaHvEJe57MjcNRbnNRTrO%2F1mzwfw%3D"}],"group":"cf-nel","max_age":604800}
NEL: {"success_fraction":0,"report_to":"cf-nel","max_age":604800}
Server: cloudflare
CF-RAY: 89f8639e29369df9-DME
Content-Encoding: gzip
alt-svc: h3=":443"; ma=86400

{
    "success": true,
    "accessToken": "Bearer eyJhbGciOiJIUzI1NiIsInR5cCI6IkpXVCJ9.eyJpZCI6IjY2OGFhMGEyOWVkMjgwMDAxYjQ2NTAxNSIsImlhdCI6MTcyMDM2MTEyMywiZXhwIjoxNzIwMzYyMzIzfQ.Szvu_kVwrj3GLDUIwqj8lK-0tjQm2lj5P4DnqKdNBBU",
    "refreshToken": "ba1f06f213a8c801735828c6f52147d52dc9d6935121938eb7efbc3d19f21ce11df1b10ddea6665c",
    "user": {
        "email": "conlyjlgev@yandex.ru",
        "name": "qBjhQGAfnn"
    }
}
Request method:	DELETE
Request URI:	https://stellarburgers.nomoreparties.site/api/auth/user
Proxy:			<none>
Request params:	<none>
Query params:	<none>
Form params:	<none>
Path params:	<none>
Headers:		Authorization=Bearer eyJhbGciOiJIUzI1NiIsInR5cCI6IkpXVCJ9.eyJpZCI6IjY2OGFhMGEyOWVkMjgwMDAxYjQ2NTAxNSIsImlhdCI6MTcyMDM2MTEyMywiZXhwIjoxNzIwMzYyMzIzfQ.Szvu_kVwrj3GLDUIwqj8lK-0tjQm2lj5P4DnqKdNBBU
				Accept=*/*
				Content-Type=application/json
Cookies:		<none>
Multiparts:		<none>
Body:			<none>
Request method:	DELETE
Request URI:	https://stellarburgers.nomoreparties.site/api/auth/user
Proxy:			<none>
Request params:	<none>
Query params:	<none>
Form params:	<none>
Path params:	<none>
Headers:		Authorization=Bearer eyJhbGciOiJIUzI1NiIsInR5cCI6IkpXVCJ9.eyJpZCI6IjY2OGFhMGEyOWVkMjgwMDAxYjQ2NTAxNSIsImlhdCI6MTcyMDM2MTEyMywiZXhwIjoxNzIwMzYyMzIzfQ.Szvu_kVwrj3GLDUIwqj8lK-0tjQm2lj5P4DnqKdNBBU
				Accept=*/*
				Content-Type=application/json
Cookies:		<none>
Multiparts:		<none>
Body:			<none>
Request method:	DELETE
Request URI:	https://stellarburgers.nomoreparties.site/api/auth/user
Proxy:			<none>
Request params:	<none>
Query params:	<none>
Form params:	<none>
Path params:	<none>
Headers:		Authorization=Bearer eyJhbGciOiJIUzI1NiIsInR5cCI6IkpXVCJ9.eyJpZCI6IjY2OGFhMGEyOWVkMjgwMDAxYjQ2NTAxNSIsImlhdCI6MTcyMDM2MTEyMywiZXhwIjoxNzIwMzYyMzIzfQ.Szvu_kVwrj3GLDUIwqj8lK-0tjQm2lj5P4DnqKdNBBU
				Accept=*/*
				Content-Type=application/json
Cookies:		<none>
Multiparts:		<none>
Body:			<none>
Request method:	DELETE
Request URI:	https://stellarburgers.nomoreparties.site/api/auth/user
Proxy:			<none>
Request params:	<none>
Query params:	<none>
Form params:	<none>
Path params:	<none>
Headers:		Authorization=Bearer eyJhbGciOiJIUzI1NiIsInR5cCI6IkpXVCJ9.eyJpZCI6IjY2OGFhMGEyOWVkMjgwMDAxYjQ2NTAxNSIsImlhdCI6MTcyMDM2MTEyMywiZXhwIjoxNzIwMzYyMzIzfQ.Szvu_kVwrj3GLDUIwqj8lK-0tjQm2lj5P4DnqKdNBBU
				Accept=*/*
				Content-Type=application/json
Cookies:		<none>
Multiparts:		<none>
Body:			<none>
Request method:	DELETE
Request URI:	https://stellarburgers.nomoreparties.site/api/auth/user
Proxy:			<none>
Request params:	<none>
Query params:	<none>
Form params:	<none>
Path params:	<none>
Headers:		Authorization=Bearer eyJhbGciOiJIUzI1NiIsInR5cCI6IkpXVCJ9.eyJpZCI6IjY2OGFhMGEyOWVkMjgwMDAxYjQ2NTAxNSIsImlhdCI6MTcyMDM2MTEyMywiZXhwIjoxNzIwMzYyMzIzfQ.Szvu_kVwrj3GLDUIwqj8lK-0tjQm2lj5P4DnqKdNBBU
				Accept=*/*
				Content-Type=application/json
Cookies:		<none>
Multiparts:		<none>
Body:			<none>
Request method:	DELETE
Request URI:	https://stellarburgers.nomoreparties.site/api/auth/user
Proxy:			<none>
Request params:	<none>
Query params:	<none>
Form params:	<none>
Path params:	<none>
Headers:		Authorization=Bearer eyJhbGciOiJIUzI1NiIsInR5cCI6IkpXVCJ9.eyJpZCI6IjY2OGFhMGEyOWVkMjgwMDAxYjQ2NTAxNSIsImlhdCI6MTcyMDM2MTEyMywiZXhwIjoxNzIwMzYyMzIzfQ.Szvu_kVwrj3GLDUIwqj8lK-0tjQm2lj5P4DnqKdNBBU
				Accept=*/*
				Content-Type=application/json
Cookies:		<none>
Multiparts:		<none>
Body:			<none>
Request method:	DELETE
Request URI:	https://stellarburgers.nomoreparties.site/api/auth/user
Proxy:			<none>
Request params:	<none>
Query params:	<none>
Form params:	<none>
Path params:	<none>
Headers:		Authorization=Bearer eyJhbGciOiJIUzI1NiIsInR5cCI6IkpXVCJ9.eyJpZCI6IjY2OGFhMGEyOWVkMjgwMDAxYjQ2NTAxNSIsImlhdCI6MTcyMDM2MTEyMywiZXhwIjoxNzIwMzYyMzIzfQ.Szvu_kVwrj3GLDUIwqj8lK-0tjQm2lj5P4DnqKdNBBU
				Accept=*/*
				Content-Type=application/json
Cookies:		<none>
Multiparts:		<none>
Body:			<none>
Request method:	DELETE
Request URI:	https://stellarburgers.nomoreparties.site/api/auth/user
Proxy:			<none>
Request params:	<none>
Query params:	<none>
Form params:	<none>
Path params:	<none>
Headers:		Authorization=Bearer eyJhbGciOiJIUzI1NiIsInR5cCI6IkpXVCJ9.eyJpZCI6IjY2OGFhMGEyOWVkMjgwMDAxYjQ2NTAxNSIsImlhdCI6MTcyMDM2MTEyMywiZXhwIjoxNzIwMzYyMzIzfQ.Szvu_kVwrj3GLDUIwqj8lK-0tjQm2lj5P4DnqKdNBBU
				Accept=*/*
				Content-Type=application/json
Cookies:		<none>
Multiparts:		<none>
Body:			<none>
Request method:	DELETE
Request URI:	https://stellarburgers.nomoreparties.site/api/auth/user
Proxy:			<none>
Request params:	<none>
Query params:	<none>
Form params:	<none>
Path params:	<none>
Headers:		Authorization=Bearer eyJhbGciOiJIUzI1NiIsInR5cCI6IkpXVCJ9.eyJpZCI6IjY2OGFhMGEyOWVkMjgwMDAxYjQ2NTAxNSIsImlhdCI6MTcyMDM2MTEyMywiZXhwIjoxNzIwMzYyMzIzfQ.Szvu_kVwrj3GLDUIwqj8lK-0tjQm2lj5P4DnqKdNBBU
				Accept=*/*
				Content-Type=application/json
Cookies:		<none>
Multiparts:		<none>
Body:			<none>
Request method:	DELETE
Request URI:	https://stellarburgers.nomoreparties.site/api/auth/user
Proxy:			<none>
Request params:	<none>
Query params:	<none>
Form params:	<none>
Path params:	<none>
Headers:		Authorization=Bearer eyJhbGciOiJIUzI1NiIsInR5cCI6IkpXVCJ9.eyJpZCI6IjY2OGFhMGEyOWVkMjgwMDAxYjQ2NTAxNSIsImlhdCI6MTcyMDM2MTEyMywiZXhwIjoxNzIwMzYyMzIzfQ.Szvu_kVwrj3GLDUIwqj8lK-0tjQm2lj5P4DnqKdNBBU
				Accept=*/*
				Content-Type=application/json
Cookies:		<none>
Multiparts:		<none>
Body:			<none>
HTTP/1.1 202 Accepted
Date: Sun, 07 Jul 2024 14:05:24 GMT
Content-Type: application/json; charset=utf-8
Content-Length: 54
Connection: keep-alive
X-Powered-By: Express
Access-Control-Allow-Origin: *
ETag: W/"36-hDmZnQ3Ou/ynnqAeC6TYmyseuzY"
CF-Cache-Status: DYNAMIC
Report-To: {"endpoints":[{"url":"https:\/\/a.nel.cloudflare.com\/report\/v4?s=LzJh%2FH4rasEvsiFwPA8fwoohRumu1tiCyeaaMhT7qpHsxPzECKpT95FSNXImcj2I3W2wmCwy4ArIKzJ86RFNOlCuTnWwcQ9nw3IkF0vgH4K4QOa7H5Ex6NAkZYJPvb%2BVHWSc4HSCKVHzddb37Z3YldlqDRM%3D"}],"group":"cf-nel","max_age":604800}
NEL: {"success_fraction":0,"report_to":"cf-nel","max_age":604800}
Server: cloudflare
CF-RAY: 89f8639fd8e4568d-OSL
alt-svc: h3=":443"; ma=86400

{
    "success": true,
    "message": "User successfully removed"
}
HTTP/1.1 202 Accepted
Date: Sun, 07 Jul 2024 14:05:24 GMT
Content-Type: application/json; charset=utf-8
Content-Length: 54
Connection: keep-alive
X-Powered-By: Express
Access-Control-Allow-Origin: *
ETag: W/"36-hDmZnQ3Ou/ynnqAeC6TYmyseuzY"
CF-Cache-Status: DYNAMIC
Report-To: {"endpoints":[{"url":"https:\/\/a.nel.cloudflare.com\/report\/v4?s=LzJh%2FH4rasEvsiFwPA8fwoohRumu1tiCyeaaMhT7qpHsxPzECKpT95FSNXImcj2I3W2wmCwy4ArIKzJ86RFNOlCuTnWwcQ9nw3IkF0vgH4K4QOa7H5Ex6NAkZYJPvb%2BVHWSc4HSCKVHzddb37Z3YldlqDRM%3D"}],"group":"cf-nel","max_age":604800}
NEL: {"success_fraction":0,"report_to":"cf-nel","max_age":604800}
Server: cloudflare
CF-RAY: 89f8639fd8e4568d-OSL
alt-svc: h3=":443"; ma=86400

{
    "success": true,
    "message": "User successfully removed"
}
HTTP/1.1 202 Accepted
Date: Sun, 07 Jul 2024 14:05:24 GMT
Content-Type: application/json; charset=utf-8
Content-Length: 54
Connection: keep-alive
X-Powered-By: Express
Access-Control-Allow-Origin: *
ETag: W/"36-hDmZnQ3Ou/ynnqAeC6TYmyseuzY"
CF-Cache-Status: DYNAMIC
Report-To: {"endpoints":[{"url":"https:\/\/a.nel.cloudflare.com\/report\/v4?s=LzJh%2FH4rasEvsiFwPA8fwoohRumu1tiCyeaaMhT7qpHsxPzECKpT95FSNXImcj2I3W2wmCwy4ArIKzJ86RFNOlCuTnWwcQ9nw3IkF0vgH4K4QOa7H5Ex6NAkZYJPvb%2BVHWSc4HSCKVHzddb37Z3YldlqDRM%3D"}],"group":"cf-nel","max_age":604800}
NEL: {"success_fraction":0,"report_to":"cf-nel","max_age":604800}
Server: cloudflare
CF-RAY: 89f8639fd8e4568d-OSL
alt-svc: h3=":443"; ma=86400

{
    "success": true,
    "message": "User successfully removed"
}
HTTP/1.1 202 Accepted
Date: Sun, 07 Jul 2024 14:05:24 GMT
Content-Type: application/json; charset=utf-8
Content-Length: 54
Connection: keep-alive
X-Powered-By: Express
Access-Control-Allow-Origin: *
ETag: W/"36-hDmZnQ3Ou/ynnqAeC6TYmyseuzY"
CF-Cache-Status: DYNAMIC
Report-To: {"endpoints":[{"url":"https:\/\/a.nel.cloudflare.com\/report\/v4?s=LzJh%2FH4rasEvsiFwPA8fwoohRumu1tiCyeaaMhT7qpHsxPzECKpT95FSNXImcj2I3W2wmCwy4ArIKzJ86RFNOlCuTnWwcQ9nw3IkF0vgH4K4QOa7H5Ex6NAkZYJPvb%2BVHWSc4HSCKVHzddb37Z3YldlqDRM%3D"}],"group":"cf-nel","max_age":604800}
NEL: {"success_fraction":0,"report_to":"cf-nel","max_age":604800}
Server: cloudflare
CF-RAY: 89f8639fd8e4568d-OSL
alt-svc: h3=":443"; ma=86400

{
    "success": true,
    "message": "User successfully removed"
}
HTTP/1.1 202 Accepted
Date: Sun, 07 Jul 2024 14:05:24 GMT
Content-Type: application/json; charset=utf-8
Content-Length: 54
Connection: keep-alive
X-Powered-By: Express
Access-Control-Allow-Origin: *
ETag: W/"36-hDmZnQ3Ou/ynnqAeC6TYmyseuzY"
CF-Cache-Status: DYNAMIC
Report-To: {"endpoints":[{"url":"https:\/\/a.nel.cloudflare.com\/report\/v4?s=LzJh%2FH4rasEvsiFwPA8fwoohRumu1tiCyeaaMhT7qpHsxPzECKpT95FSNXImcj2I3W2wmCwy4ArIKzJ86RFNOlCuTnWwcQ9nw3IkF0vgH4K4QOa7H5Ex6NAkZYJPvb%2BVHWSc4HSCKVHzddb37Z3YldlqDRM%3D"}],"group":"cf-nel","max_age":604800}
NEL: {"success_fraction":0,"report_to":"cf-nel","max_age":604800}
Server: cloudflare
CF-RAY: 89f8639fd8e4568d-OSL
alt-svc: h3=":443"; ma=86400

{
    "success": true,
    "message": "User successfully removed"
}
HTTP/1.1 202 Accepted
Date: Sun, 07 Jul 2024 14:05:24 GMT
Content-Type: application/json; charset=utf-8
Content-Length: 54
Connection: keep-alive
X-Powered-By: Express
Access-Control-Allow-Origin: *
ETag: W/"36-hDmZnQ3Ou/ynnqAeC6TYmyseuzY"
CF-Cache-Status: DYNAMIC
Report-To: {"endpoints":[{"url":"https:\/\/a.nel.cloudflare.com\/report\/v4?s=LzJh%2FH4rasEvsiFwPA8fwoohRumu1tiCyeaaMhT7qpHsxPzECKpT95FSNXImcj2I3W2wmCwy4ArIKzJ86RFNOlCuTnWwcQ9nw3IkF0vgH4K4QOa7H5Ex6NAkZYJPvb%2BVHWSc4HSCKVHzddb37Z3YldlqDRM%3D"}],"group":"cf-nel","max_age":604800}
NEL: {"success_fraction":0,"report_to":"cf-nel","max_age":604800}
Server: cloudflare
CF-RAY: 89f8639fd8e4568d-OSL
alt-svc: h3=":443"; ma=86400

{
    "success": true,
    "message": "User successfully removed"
}
HTTP/1.1 202 Accepted
Date: Sun, 07 Jul 2024 14:05:24 GMT
Content-Type: application/json; charset=utf-8
Content-Length: 54
Connection: keep-alive
X-Powered-By: Express
Access-Control-Allow-Origin: *
ETag: W/"36-hDmZnQ3Ou/ynnqAeC6TYmyseuzY"
CF-Cache-Status: DYNAMIC
Report-To: {"endpoints":[{"url":"https:\/\/a.nel.cloudflare.com\/report\/v4?s=LzJh%2FH4rasEvsiFwPA8fwoohRumu1tiCyeaaMhT7qpHsxPzECKpT95FSNXImcj2I3W2wmCwy4ArIKzJ86RFNOlCuTnWwcQ9nw3IkF0vgH4K4QOa7H5Ex6NAkZYJPvb%2BVHWSc4HSCKVHzddb37Z3YldlqDRM%3D"}],"group":"cf-nel","max_age":604800}
NEL: {"success_fraction":0,"report_to":"cf-nel","max_age":604800}
Server: cloudflare
CF-RAY: 89f8639fd8e4568d-OSL
alt-svc: h3=":443"; ma=86400

{
    "success": true,
    "message": "User successfully removed"
}
HTTP/1.1 202 Accepted
Date: Sun, 07 Jul 2024 14:05:24 GMT
Content-Type: application/json; charset=utf-8
Content-Length: 54
Connection: keep-alive
X-Powered-By: Express
Access-Control-Allow-Origin: *
ETag: W/"36-hDmZnQ3Ou/ynnqAeC6TYmyseuzY"
CF-Cache-Status: DYNAMIC
Report-To: {"endpoints":[{"url":"https:\/\/a.nel.cloudflare.com\/report\/v4?s=LzJh%2FH4rasEvsiFwPA8fwoohRumu1tiCyeaaMhT7qpHsxPzECKpT95FSNXImcj2I3W2wmCwy4ArIKzJ86RFNOlCuTnWwcQ9nw3IkF0vgH4K4QOa7H5Ex6NAkZYJPvb%2BVHWSc4HSCKVHzddb37Z3YldlqDRM%3D"}],"group":"cf-nel","max_age":604800}
NEL: {"success_fraction":0,"report_to":"cf-nel","max_age":604800}
Server: cloudflare
CF-RAY: 89f8639fd8e4568d-OSL
alt-svc: h3=":443"; ma=86400

{
    "success": true,
    "message": "User successfully removed"
}
HTTP/1.1 202 Accepted
Date: Sun, 07 Jul 2024 14:05:24 GMT
Content-Type: application/json; charset=utf-8
Content-Length: 54
Connection: keep-alive
X-Powered-By: Express
Access-Control-Allow-Origin: *
ETag: W/"36-hDmZnQ3Ou/ynnqAeC6TYmyseuzY"
CF-Cache-Status: DYNAMIC
Report-To: {"endpoints":[{"url":"https:\/\/a.nel.cloudflare.com\/report\/v4?s=LzJh%2FH4rasEvsiFwPA8fwoohRumu1tiCyeaaMhT7qpHsxPzECKpT95FSNXImcj2I3W2wmCwy4ArIKzJ86RFNOlCuTnWwcQ9nw3IkF0vgH4K4QOa7H5Ex6NAkZYJPvb%2BVHWSc4HSCKVHzddb37Z3YldlqDRM%3D"}],"group":"cf-nel","max_age":604800}
NEL: {"success_fraction":0,"report_to":"cf-nel","max_age":604800}
Server: cloudflare
CF-RAY: 89f8639fd8e4568d-OSL
alt-svc: h3=":443"; ma=86400

{
    "success": true,
    "message": "User successfully removed"
}
HTTP/1.1 202 Accepted
Date: Sun, 07 Jul 2024 14:05:24 GMT
Content-Type: application/json; charset=utf-8
Content-Length: 54
Connection: keep-alive
X-Powered-By: Express
Access-Control-Allow-Origin: *
ETag: W/"36-hDmZnQ3Ou/ynnqAeC6TYmyseuzY"
CF-Cache-Status: DYNAMIC
Report-To: {"endpoints":[{"url":"https:\/\/a.nel.cloudflare.com\/report\/v4?s=LzJh%2FH4rasEvsiFwPA8fwoohRumu1tiCyeaaMhT7qpHsxPzECKpT95FSNXImcj2I3W2wmCwy4ArIKzJ86RFNOlCuTnWwcQ9nw3IkF0vgH4K4QOa7H5Ex6NAkZYJPvb%2BVHWSc4HSCKVHzddb37Z3YldlqDRM%3D"}],"group":"cf-nel","max_age":604800}
NEL: {"success_fraction":0,"report_to":"cf-nel","max_age":604800}
Server: cloudflare
CF-RAY: 89f8639fd8e4568d-OSL
alt-svc: h3=":443"; ma=86400

{
    "success": true,
    "message": "User successfully removed"
}
]]></system-out>
  </testcase>
  <testcase name="createAutorizedUserOrderWhithInvalideHashIngridientsTest" classname="CreateOrderTest" time="1.927"/>
  <testcase name="createAutorizedUserOrderTest" classname="CreateOrderTest" time="3.264"/>
</testsuite>